FlashPro
Version: 11.9.0.4
Release: v11.9

Software Version: 11.9.0.4
PDB file 'E:\Github\EECS373_Project\TouchScreenFinal\designer\impl1\touch_fp\touch.pdb' has been
loaded successfully.
DESIGN : touch;  CHECKSUM : 7226;  PDB_VERSION : 1.9
Warning: The programmer with id '80550' in the project file cannot be detected and connected.
Opened 'E:\Github\EECS373_Project\TouchScreenFinal\designer\impl1\touch_fp\touch.pro'
The 'open_project' command succeeded.
The 'set_programming_file' command succeeded.
The 'set_device_type' command succeeded.
The 'set_device_package' command succeeded.
Info: Adding Flash Memory data from file
      E:\Github\EECS373_Project\TouchScreenFinal\component\work\TouchScreenFinal\MSS_ENVM_0\MSS\
      _ENVM_0.efc.
Info: Adding FPGA Array data from file
      E:\Github\EECS373_Project\TouchScreenFinal\designer\impl1\touch.fdb.
PDB file 'E:\Github\EECS373_Project\TouchScreenFinal\designer\impl1\touch_fp\touch.pdb' has been
loaded successfully.
DESIGN : touch;  CHECKSUM : 7226;  PDB_VERSION : 1.9
The 'update_programming_file' command succeeded.
The 'set_programming_action' command succeeded.
Error: No programmers found. Please check the programmer connection to the computer and ensure
       the drivers are properly installed.
Error: Failed to run Action.
Error: The command 'run_selected_actions' failed.
Error: Failure when executing Tcl script. [ Line 15 ]
Error: The Execute Script command failed.
Project closed.
