
WhiteBoard_Plotter_MSS_CM3_0_app:     file format elf32-littlearm

Sections:
Idx Name          Size      VMA       LMA       File off  Algn
  0 .text         000013f0  20000000  20000000  00008000  2**4
                  CONTENTS, ALLOC, LOAD, READONLY, CODE
  1 .data         00000510  200013f0  200013f0  000093f0  2**2
                  CONTENTS, ALLOC, LOAD, DATA
  2 .bss          00000048  20001900  20001900  00009900  2**2
                  ALLOC
  3 .stack        00003000  20001948  20001948  00009900  2**0
                  ALLOC
  4 .comment      000000ac  00000000  00000000  00009900  2**0
                  CONTENTS, READONLY
  5 .debug_aranges 000001a8  00000000  00000000  000099ac  2**0
                  CONTENTS, READONLY, DEBUGGING
  6 .debug_pubnames 000002a0  00000000  00000000  00009b54  2**0
                  CONTENTS, READONLY, DEBUGGING
  7 .debug_info   00001fb5  00000000  00000000  00009df4  2**0
                  CONTENTS, READONLY, DEBUGGING
  8 .debug_abbrev 0000052d  00000000  00000000  0000bda9  2**0
                  CONTENTS, READONLY, DEBUGGING
  9 .debug_line   00000f19  00000000  00000000  0000c2d6  2**0
                  CONTENTS, READONLY, DEBUGGING
 10 .debug_frame  000006ac  00000000  00000000  0000d1f0  2**2
                  CONTENTS, READONLY, DEBUGGING
 11 .debug_str    000016f2  00000000  00000000  0000d89c  2**0
                  CONTENTS, READONLY, DEBUGGING
 12 .debug_loc    0000086f  00000000  00000000  0000ef8e  2**0
                  CONTENTS, READONLY, DEBUGGING
 13 .debug_macinfo 00017dc1  00000000  00000000  0000f7fd  2**0
                  CONTENTS, READONLY, DEBUGGING
 14 .ARM.attributes 00000025  00000000  00000000  000275be  2**0
                  CONTENTS, READONLY
 15 .debug_ranges 00000188  00000000  00000000  000275e3  2**0
                  CONTENTS, READONLY, DEBUGGING

Disassembly of section .text:

20000000 <__text_start>:
20000000:	20010000 	.word	0x20010000
20000004:	20000299 	.word	0x20000299
20000008:	20000309 	.word	0x20000309
2000000c:	2000030b 	.word	0x2000030b
20000010:	2000030d 	.word	0x2000030d
20000014:	2000030f 	.word	0x2000030f
20000018:	20000311 	.word	0x20000311
	...
2000002c:	20000313 	.word	0x20000313
20000030:	20000315 	.word	0x20000315
20000034:	00000000 	.word	0x00000000
20000038:	20000317 	.word	0x20000317
2000003c:	20000319 	.word	0x20000319
20000040:	2000031b 	.word	0x2000031b
20000044:	2000031d 	.word	0x2000031d
20000048:	2000031f 	.word	0x2000031f
2000004c:	20000321 	.word	0x20000321
20000050:	20000323 	.word	0x20000323
20000054:	20000325 	.word	0x20000325
20000058:	20000327 	.word	0x20000327
2000005c:	20000329 	.word	0x20000329
20000060:	2000032b 	.word	0x2000032b
20000064:	2000032d 	.word	0x2000032d
20000068:	2000032f 	.word	0x2000032f
2000006c:	20000331 	.word	0x20000331
20000070:	20000333 	.word	0x20000333
20000074:	20000335 	.word	0x20000335
20000078:	20000337 	.word	0x20000337
2000007c:	20000339 	.word	0x20000339
20000080:	2000033b 	.word	0x2000033b
20000084:	2000033d 	.word	0x2000033d
20000088:	2000033f 	.word	0x2000033f
2000008c:	20000341 	.word	0x20000341
20000090:	20000891 	.word	0x20000891
20000094:	20000345 	.word	0x20000345
20000098:	20000347 	.word	0x20000347
2000009c:	20000349 	.word	0x20000349
200000a0:	2000034b 	.word	0x2000034b
	...
200000bc:	2000034d 	.word	0x2000034d
200000c0:	2000034f 	.word	0x2000034f
200000c4:	20000351 	.word	0x20000351
200000c8:	20000353 	.word	0x20000353
200000cc:	20000355 	.word	0x20000355
200000d0:	20000357 	.word	0x20000357
200000d4:	20000359 	.word	0x20000359
200000d8:	2000035b 	.word	0x2000035b
200000dc:	2000035d 	.word	0x2000035d
200000e0:	2000035f 	.word	0x2000035f
200000e4:	20000361 	.word	0x20000361
200000e8:	20000363 	.word	0x20000363
200000ec:	20000365 	.word	0x20000365
200000f0:	20000367 	.word	0x20000367
200000f4:	20000369 	.word	0x20000369
200000f8:	2000036b 	.word	0x2000036b
200000fc:	2000036d 	.word	0x2000036d
20000100:	2000036f 	.word	0x2000036f
20000104:	20000371 	.word	0x20000371
20000108:	20000373 	.word	0x20000373
2000010c:	20000375 	.word	0x20000375
20000110:	20000377 	.word	0x20000377
20000114:	20000379 	.word	0x20000379
20000118:	2000037b 	.word	0x2000037b
2000011c:	2000037d 	.word	0x2000037d
20000120:	2000037f 	.word	0x2000037f
20000124:	20000381 	.word	0x20000381
20000128:	20000383 	.word	0x20000383
2000012c:	20000385 	.word	0x20000385
20000130:	20000387 	.word	0x20000387
20000134:	20000389 	.word	0x20000389
20000138:	2000038b 	.word	0x2000038b
2000013c:	2000038d 	.word	0x2000038d
20000140:	2000038f 	.word	0x2000038f
20000144:	20000391 	.word	0x20000391
20000148:	20000393 	.word	0x20000393
2000014c:	20000395 	.word	0x20000395
20000150:	20000397 	.word	0x20000397
20000154:	20000399 	.word	0x20000399
20000158:	2000039b 	.word	0x2000039b
2000015c:	2000039d 	.word	0x2000039d
20000160:	2000039f 	.word	0x2000039f
20000164:	200003a1 	.word	0x200003a1
20000168:	200003a3 	.word	0x200003a3
2000016c:	200003a5 	.word	0x200003a5
20000170:	200003a7 	.word	0x200003a7
20000174:	200003a9 	.word	0x200003a9
20000178:	200003ab 	.word	0x200003ab
2000017c:	200003ad 	.word	0x200003ad
20000180:	200003af 	.word	0x200003af
20000184:	200003b1 	.word	0x200003b1
20000188:	200003b3 	.word	0x200003b3
2000018c:	200003b5 	.word	0x200003b5
20000190:	200003b7 	.word	0x200003b7
20000194:	200003b9 	.word	0x200003b9
20000198:	200003bb 	.word	0x200003bb
2000019c:	200003bd 	.word	0x200003bd
200001a0:	200003bf 	.word	0x200003bf
200001a4:	200003c1 	.word	0x200003c1
200001a8:	200003c3 	.word	0x200003c3
200001ac:	200003c5 	.word	0x200003c5
200001b0:	200003c7 	.word	0x200003c7
200001b4:	200003c9 	.word	0x200003c9
200001b8:	200003cb 	.word	0x200003cb
200001bc:	200003cd 	.word	0x200003cd
200001c0:	200003cf 	.word	0x200003cf
200001c4:	200003d1 	.word	0x200003d1
200001c8:	200003d3 	.word	0x200003d3
200001cc:	200003d5 	.word	0x200003d5
200001d0:	200003d7 	.word	0x200003d7
200001d4:	200003d9 	.word	0x200003d9
200001d8:	200003db 	.word	0x200003db
200001dc:	200003dd 	.word	0x200003dd
200001e0:	200003df 	.word	0x200003df
200001e4:	200003e1 	.word	0x200003e1
200001e8:	200003e3 	.word	0x200003e3
200001ec:	200003e5 	.word	0x200003e5
200001f0:	200003e7 	.word	0x200003e7
200001f4:	200003e9 	.word	0x200003e9
200001f8:	200003eb 	.word	0x200003eb
200001fc:	200003ed 	.word	0x200003ed
20000200:	200003ef 	.word	0x200003ef
20000204:	200003f1 	.word	0x200003f1
20000208:	200003f3 	.word	0x200003f3
2000020c:	200003f5 	.word	0x200003f5
20000210:	200003f7 	.word	0x200003f7
20000214:	200003f9 	.word	0x200003f9
20000218:	200003fb 	.word	0x200003fb
2000021c:	200003fd 	.word	0x200003fd
20000220:	200003ff 	.word	0x200003ff
20000224:	20000401 	.word	0x20000401
20000228:	20000403 	.word	0x20000403
2000022c:	20000405 	.word	0x20000405
20000230:	20000407 	.word	0x20000407
20000234:	20000409 	.word	0x20000409
20000238:	2000040b 	.word	0x2000040b
2000023c:	2000040d 	.word	0x2000040d
20000240:	2000040f 	.word	0x2000040f
20000244:	20000411 	.word	0x20000411
20000248:	20000413 	.word	0x20000413
2000024c:	20000415 	.word	0x20000415
20000250:	20000417 	.word	0x20000417
20000254:	20000419 	.word	0x20000419
20000258:	2000041b 	.word	0x2000041b
2000025c:	2000041d 	.word	0x2000041d
20000260:	2000041f 	.word	0x2000041f
20000264:	20000421 	.word	0x20000421
20000268:	20000423 	.word	0x20000423
2000026c:	20000425 	.word	0x20000425
20000270:	20000427 	.word	0x20000427
20000274:	20000429 	.word	0x20000429
20000278:	2000042b 	.word	0x2000042b
2000027c:	2000042d 	.word	0x2000042d
20000280:	2000042f 	.word	0x2000042f
20000284:	20000431 	.word	0x20000431
20000288:	20000433 	.word	0x20000433
2000028c:	20000435 	.word	0x20000435
20000290:	20000437 	.word	0x20000437
20000294:	20000439 	.word	0x20000439

20000298 <Reset_Handler>:
20000298:	4868      	ldr	r0, [pc, #416]	; (2000043c <ACE_PPE_Flag31_IRQHandler+0x4>)
2000029a:	4780      	blx	r0
2000029c:	4868      	ldr	r0, [pc, #416]	; (20000440 <ACE_PPE_Flag31_IRQHandler+0x8>)
2000029e:	2800      	cmp	r0, #0
200002a0:	d10b      	bne.n	200002ba <copy_data>
200002a2:	4868      	ldr	r0, [pc, #416]	; (20000444 <ACE_PPE_Flag31_IRQHandler+0xc>)
200002a4:	4968      	ldr	r1, [pc, #416]	; (20000448 <ACE_PPE_Flag31_IRQHandler+0x10>)
200002a6:	4a69      	ldr	r2, [pc, #420]	; (2000044c <ACE_PPE_Flag31_IRQHandler+0x14>)
200002a8:	4288      	cmp	r0, r1
200002aa:	d006      	beq.n	200002ba <copy_data>

200002ac <copy_code_loop>:
200002ac:	4291      	cmp	r1, r2
200002ae:	bf1c      	itt	ne
200002b0:	f850 3b04 	ldrne.w	r3, [r0], #4
200002b4:	f841 3b04 	strne.w	r3, [r1], #4
200002b8:	d1f8      	bne.n	200002ac <copy_code_loop>

200002ba <copy_data>:
200002ba:	4865      	ldr	r0, [pc, #404]	; (20000450 <ACE_PPE_Flag31_IRQHandler+0x18>)
200002bc:	4965      	ldr	r1, [pc, #404]	; (20000454 <ACE_PPE_Flag31_IRQHandler+0x1c>)
200002be:	4a66      	ldr	r2, [pc, #408]	; (20000458 <ACE_PPE_Flag31_IRQHandler+0x20>)
200002c0:	4288      	cmp	r0, r1
200002c2:	d006      	beq.n	200002d2 <clear_bss>

200002c4 <copy_data_loop>:
200002c4:	4291      	cmp	r1, r2
200002c6:	bf1c      	itt	ne
200002c8:	f850 3b04 	ldrne.w	r3, [r0], #4
200002cc:	f841 3b04 	strne.w	r3, [r1], #4
200002d0:	d1f8      	bne.n	200002c4 <copy_data_loop>

200002d2 <clear_bss>:
200002d2:	4862      	ldr	r0, [pc, #392]	; (2000045c <ACE_PPE_Flag31_IRQHandler+0x24>)
200002d4:	4962      	ldr	r1, [pc, #392]	; (20000460 <ACE_PPE_Flag31_IRQHandler+0x28>)
200002d6:	4a63      	ldr	r2, [pc, #396]	; (20000464 <ACE_PPE_Flag31_IRQHandler+0x2c>)

200002d8 <clear_bss_loop>:
200002d8:	4291      	cmp	r1, r2
200002da:	bf18      	it	ne
200002dc:	f841 0b04 	strne.w	r0, [r1], #4
200002e0:	d1fa      	bne.n	200002d8 <clear_bss_loop>
	...

200002f0 <call_glob_ctor>:
200002f0:	f8df 0174 	ldr.w	r0, [pc, #372]	; 20000468 <ACE_PPE_Flag31_IRQHandler+0x30>
200002f4:	f20f 0e03 	addw	lr, pc, #3
200002f8:	4700      	bx	r0

200002fa <branch_to_main>:
200002fa:	f04f 0000 	mov.w	r0, #0
200002fe:	f04f 0100 	mov.w	r1, #0
20000302:	f8df f168 	ldr.w	pc, [pc, #360]	; 2000046c <ACE_PPE_Flag31_IRQHandler+0x34>

20000306 <ExitLoop>:
20000306:	e7fe      	b.n	20000306 <ExitLoop>

20000308 <NMI_Handler>:
20000308:	e7fe      	b.n	20000308 <NMI_Handler>

2000030a <HardFault_Handler>:
2000030a:	e7fe      	b.n	2000030a <HardFault_Handler>

2000030c <MemManage_Handler>:
2000030c:	e7fe      	b.n	2000030c <MemManage_Handler>

2000030e <BusFault_Handler>:
2000030e:	e7fe      	b.n	2000030e <BusFault_Handler>

20000310 <UsageFault_Handler>:
20000310:	e7fe      	b.n	20000310 <UsageFault_Handler>

20000312 <SVC_Handler>:
20000312:	e7fe      	b.n	20000312 <SVC_Handler>

20000314 <DebugMon_Handler>:
20000314:	e7fe      	b.n	20000314 <DebugMon_Handler>

20000316 <PendSV_Handler>:
20000316:	e7fe      	b.n	20000316 <PendSV_Handler>

20000318 <SysTick_Handler>:
20000318:	e7fe      	b.n	20000318 <SysTick_Handler>

2000031a <WdogWakeup_IRQHandler>:
2000031a:	e7fe      	b.n	2000031a <WdogWakeup_IRQHandler>

2000031c <BrownOut_1_5V_IRQHandler>:
2000031c:	e7fe      	b.n	2000031c <BrownOut_1_5V_IRQHandler>

2000031e <BrownOut_3_3V_IRQHandler>:
2000031e:	e7fe      	b.n	2000031e <BrownOut_3_3V_IRQHandler>

20000320 <RTC_Match_IRQHandler>:
20000320:	e7fe      	b.n	20000320 <RTC_Match_IRQHandler>

20000322 <RTCIF_Pub_IRQHandler>:
20000322:	e7fe      	b.n	20000322 <RTCIF_Pub_IRQHandler>

20000324 <EthernetMAC_IRQHandler>:
20000324:	e7fe      	b.n	20000324 <EthernetMAC_IRQHandler>

20000326 <IAP_IRQHandler>:
20000326:	e7fe      	b.n	20000326 <IAP_IRQHandler>

20000328 <ENVM0_IRQHandler>:
20000328:	e7fe      	b.n	20000328 <ENVM0_IRQHandler>

2000032a <ENVM1_IRQHandler>:
2000032a:	e7fe      	b.n	2000032a <ENVM1_IRQHandler>

2000032c <DMA_IRQHandler>:
2000032c:	e7fe      	b.n	2000032c <DMA_IRQHandler>

2000032e <UART0_IRQHandler>:
2000032e:	e7fe      	b.n	2000032e <UART0_IRQHandler>

20000330 <UART1_IRQHandler>:
20000330:	e7fe      	b.n	20000330 <UART1_IRQHandler>

20000332 <SPI0_IRQHandler>:
20000332:	e7fe      	b.n	20000332 <SPI0_IRQHandler>

20000334 <SPI1_IRQHandler>:
20000334:	e7fe      	b.n	20000334 <SPI1_IRQHandler>

20000336 <I2C0_IRQHandler>:
20000336:	e7fe      	b.n	20000336 <I2C0_IRQHandler>

20000338 <I2C0_SMBAlert_IRQHandler>:
20000338:	e7fe      	b.n	20000338 <I2C0_SMBAlert_IRQHandler>

2000033a <I2C0_SMBus_IRQHandler>:
2000033a:	e7fe      	b.n	2000033a <I2C0_SMBus_IRQHandler>

2000033c <I2C1_IRQHandler>:
2000033c:	e7fe      	b.n	2000033c <I2C1_IRQHandler>

2000033e <I2C1_SMBAlert_IRQHandler>:
2000033e:	e7fe      	b.n	2000033e <I2C1_SMBAlert_IRQHandler>

20000340 <I2C1_SMBus_IRQHandler>:
20000340:	e7fe      	b.n	20000340 <I2C1_SMBus_IRQHandler>
20000342:	e7fe      	b.n	20000342 <I2C1_SMBus_IRQHandler+0x2>

20000344 <Timer2_IRQHandler>:
20000344:	e7fe      	b.n	20000344 <Timer2_IRQHandler>

20000346 <PLL_Lock_IRQHandler>:
20000346:	e7fe      	b.n	20000346 <PLL_Lock_IRQHandler>

20000348 <PLL_LockLost_IRQHandler>:
20000348:	e7fe      	b.n	20000348 <PLL_LockLost_IRQHandler>

2000034a <CommError_IRQHandler>:
2000034a:	e7fe      	b.n	2000034a <CommError_IRQHandler>

2000034c <Fabric_IRQHandler>:
2000034c:	e7fe      	b.n	2000034c <Fabric_IRQHandler>

2000034e <GPIO0_IRQHandler>:
2000034e:	e7fe      	b.n	2000034e <GPIO0_IRQHandler>

20000350 <GPIO1_IRQHandler>:
20000350:	e7fe      	b.n	20000350 <GPIO1_IRQHandler>

20000352 <GPIO2_IRQHandler>:
20000352:	e7fe      	b.n	20000352 <GPIO2_IRQHandler>

20000354 <GPIO3_IRQHandler>:
20000354:	e7fe      	b.n	20000354 <GPIO3_IRQHandler>

20000356 <GPIO4_IRQHandler>:
20000356:	e7fe      	b.n	20000356 <GPIO4_IRQHandler>

20000358 <GPIO5_IRQHandler>:
20000358:	e7fe      	b.n	20000358 <GPIO5_IRQHandler>

2000035a <GPIO6_IRQHandler>:
2000035a:	e7fe      	b.n	2000035a <GPIO6_IRQHandler>

2000035c <GPIO7_IRQHandler>:
2000035c:	e7fe      	b.n	2000035c <GPIO7_IRQHandler>

2000035e <GPIO8_IRQHandler>:
2000035e:	e7fe      	b.n	2000035e <GPIO8_IRQHandler>

20000360 <GPIO9_IRQHandler>:
20000360:	e7fe      	b.n	20000360 <GPIO9_IRQHandler>

20000362 <GPIO10_IRQHandler>:
20000362:	e7fe      	b.n	20000362 <GPIO10_IRQHandler>

20000364 <GPIO11_IRQHandler>:
20000364:	e7fe      	b.n	20000364 <GPIO11_IRQHandler>

20000366 <GPIO12_IRQHandler>:
20000366:	e7fe      	b.n	20000366 <GPIO12_IRQHandler>

20000368 <GPIO13_IRQHandler>:
20000368:	e7fe      	b.n	20000368 <GPIO13_IRQHandler>

2000036a <GPIO14_IRQHandler>:
2000036a:	e7fe      	b.n	2000036a <GPIO14_IRQHandler>

2000036c <GPIO15_IRQHandler>:
2000036c:	e7fe      	b.n	2000036c <GPIO15_IRQHandler>

2000036e <GPIO16_IRQHandler>:
2000036e:	e7fe      	b.n	2000036e <GPIO16_IRQHandler>

20000370 <GPIO17_IRQHandler>:
20000370:	e7fe      	b.n	20000370 <GPIO17_IRQHandler>

20000372 <GPIO18_IRQHandler>:
20000372:	e7fe      	b.n	20000372 <GPIO18_IRQHandler>

20000374 <GPIO19_IRQHandler>:
20000374:	e7fe      	b.n	20000374 <GPIO19_IRQHandler>

20000376 <GPIO20_IRQHandler>:
20000376:	e7fe      	b.n	20000376 <GPIO20_IRQHandler>

20000378 <GPIO21_IRQHandler>:
20000378:	e7fe      	b.n	20000378 <GPIO21_IRQHandler>

2000037a <GPIO22_IRQHandler>:
2000037a:	e7fe      	b.n	2000037a <GPIO22_IRQHandler>

2000037c <GPIO23_IRQHandler>:
2000037c:	e7fe      	b.n	2000037c <GPIO23_IRQHandler>

2000037e <GPIO24_IRQHandler>:
2000037e:	e7fe      	b.n	2000037e <GPIO24_IRQHandler>

20000380 <GPIO25_IRQHandler>:
20000380:	e7fe      	b.n	20000380 <GPIO25_IRQHandler>

20000382 <GPIO26_IRQHandler>:
20000382:	e7fe      	b.n	20000382 <GPIO26_IRQHandler>

20000384 <GPIO27_IRQHandler>:
20000384:	e7fe      	b.n	20000384 <GPIO27_IRQHandler>

20000386 <GPIO28_IRQHandler>:
20000386:	e7fe      	b.n	20000386 <GPIO28_IRQHandler>

20000388 <GPIO29_IRQHandler>:
20000388:	e7fe      	b.n	20000388 <GPIO29_IRQHandler>

2000038a <GPIO30_IRQHandler>:
2000038a:	e7fe      	b.n	2000038a <GPIO30_IRQHandler>

2000038c <GPIO31_IRQHandler>:
2000038c:	e7fe      	b.n	2000038c <GPIO31_IRQHandler>

2000038e <ACE_PC0_Flag0_IRQHandler>:
2000038e:	e7fe      	b.n	2000038e <ACE_PC0_Flag0_IRQHandler>

20000390 <ACE_PC0_Flag1_IRQHandler>:
20000390:	e7fe      	b.n	20000390 <ACE_PC0_Flag1_IRQHandler>

20000392 <ACE_PC0_Flag2_IRQHandler>:
20000392:	e7fe      	b.n	20000392 <ACE_PC0_Flag2_IRQHandler>

20000394 <ACE_PC0_Flag3_IRQHandler>:
20000394:	e7fe      	b.n	20000394 <ACE_PC0_Flag3_IRQHandler>

20000396 <ACE_PC1_Flag0_IRQHandler>:
20000396:	e7fe      	b.n	20000396 <ACE_PC1_Flag0_IRQHandler>

20000398 <ACE_PC1_Flag1_IRQHandler>:
20000398:	e7fe      	b.n	20000398 <ACE_PC1_Flag1_IRQHandler>

2000039a <ACE_PC1_Flag2_IRQHandler>:
2000039a:	e7fe      	b.n	2000039a <ACE_PC1_Flag2_IRQHandler>

2000039c <ACE_PC1_Flag3_IRQHandler>:
2000039c:	e7fe      	b.n	2000039c <ACE_PC1_Flag3_IRQHandler>

2000039e <ACE_PC2_Flag0_IRQHandler>:
2000039e:	e7fe      	b.n	2000039e <ACE_PC2_Flag0_IRQHandler>

200003a0 <ACE_PC2_Flag1_IRQHandler>:
200003a0:	e7fe      	b.n	200003a0 <ACE_PC2_Flag1_IRQHandler>

200003a2 <ACE_PC2_Flag2_IRQHandler>:
200003a2:	e7fe      	b.n	200003a2 <ACE_PC2_Flag2_IRQHandler>

200003a4 <ACE_PC2_Flag3_IRQHandler>:
200003a4:	e7fe      	b.n	200003a4 <ACE_PC2_Flag3_IRQHandler>

200003a6 <ACE_ADC0_DataValid_IRQHandler>:
200003a6:	e7fe      	b.n	200003a6 <ACE_ADC0_DataValid_IRQHandler>

200003a8 <ACE_ADC1_DataValid_IRQHandler>:
200003a8:	e7fe      	b.n	200003a8 <ACE_ADC1_DataValid_IRQHandler>

200003aa <ACE_ADC2_DataValid_IRQHandler>:
200003aa:	e7fe      	b.n	200003aa <ACE_ADC2_DataValid_IRQHandler>

200003ac <ACE_ADC0_CalDone_IRQHandler>:
200003ac:	e7fe      	b.n	200003ac <ACE_ADC0_CalDone_IRQHandler>

200003ae <ACE_ADC1_CalDone_IRQHandler>:
200003ae:	e7fe      	b.n	200003ae <ACE_ADC1_CalDone_IRQHandler>

200003b0 <ACE_ADC2_CalDone_IRQHandler>:
200003b0:	e7fe      	b.n	200003b0 <ACE_ADC2_CalDone_IRQHandler>

200003b2 <ACE_ADC0_CalStart_IRQHandler>:
200003b2:	e7fe      	b.n	200003b2 <ACE_ADC0_CalStart_IRQHandler>

200003b4 <ACE_ADC1_CalStart_IRQHandler>:
200003b4:	e7fe      	b.n	200003b4 <ACE_ADC1_CalStart_IRQHandler>

200003b6 <ACE_ADC2_CalStart_IRQHandler>:
200003b6:	e7fe      	b.n	200003b6 <ACE_ADC2_CalStart_IRQHandler>

200003b8 <ACE_Comp0_Fall_IRQHandler>:
200003b8:	e7fe      	b.n	200003b8 <ACE_Comp0_Fall_IRQHandler>

200003ba <ACE_Comp1_Fall_IRQHandler>:
200003ba:	e7fe      	b.n	200003ba <ACE_Comp1_Fall_IRQHandler>

200003bc <ACE_Comp2_Fall_IRQHandler>:
200003bc:	e7fe      	b.n	200003bc <ACE_Comp2_Fall_IRQHandler>

200003be <ACE_Comp3_Fall_IRQHandler>:
200003be:	e7fe      	b.n	200003be <ACE_Comp3_Fall_IRQHandler>

200003c0 <ACE_Comp4_Fall_IRQHandler>:
200003c0:	e7fe      	b.n	200003c0 <ACE_Comp4_Fall_IRQHandler>

200003c2 <ACE_Comp5_Fall_IRQHandler>:
200003c2:	e7fe      	b.n	200003c2 <ACE_Comp5_Fall_IRQHandler>

200003c4 <ACE_Comp6_Fall_IRQHandler>:
200003c4:	e7fe      	b.n	200003c4 <ACE_Comp6_Fall_IRQHandler>

200003c6 <ACE_Comp7_Fall_IRQHandler>:
200003c6:	e7fe      	b.n	200003c6 <ACE_Comp7_Fall_IRQHandler>

200003c8 <ACE_Comp8_Fall_IRQHandler>:
200003c8:	e7fe      	b.n	200003c8 <ACE_Comp8_Fall_IRQHandler>

200003ca <ACE_Comp9_Fall_IRQHandler>:
200003ca:	e7fe      	b.n	200003ca <ACE_Comp9_Fall_IRQHandler>

200003cc <ACE_Comp10_Fall_IRQHandler>:
200003cc:	e7fe      	b.n	200003cc <ACE_Comp10_Fall_IRQHandler>

200003ce <ACE_Comp11_Fall_IRQHandler>:
200003ce:	e7fe      	b.n	200003ce <ACE_Comp11_Fall_IRQHandler>

200003d0 <ACE_Comp0_Rise_IRQHandler>:
200003d0:	e7fe      	b.n	200003d0 <ACE_Comp0_Rise_IRQHandler>

200003d2 <ACE_Comp1_Rise_IRQHandler>:
200003d2:	e7fe      	b.n	200003d2 <ACE_Comp1_Rise_IRQHandler>

200003d4 <ACE_Comp2_Rise_IRQHandler>:
200003d4:	e7fe      	b.n	200003d4 <ACE_Comp2_Rise_IRQHandler>

200003d6 <ACE_Comp3_Rise_IRQHandler>:
200003d6:	e7fe      	b.n	200003d6 <ACE_Comp3_Rise_IRQHandler>

200003d8 <ACE_Comp4_Rise_IRQHandler>:
200003d8:	e7fe      	b.n	200003d8 <ACE_Comp4_Rise_IRQHandler>

200003da <ACE_Comp5_Rise_IRQHandler>:
200003da:	e7fe      	b.n	200003da <ACE_Comp5_Rise_IRQHandler>

200003dc <ACE_Comp6_Rise_IRQHandler>:
200003dc:	e7fe      	b.n	200003dc <ACE_Comp6_Rise_IRQHandler>

200003de <ACE_Comp7_Rise_IRQHandler>:
200003de:	e7fe      	b.n	200003de <ACE_Comp7_Rise_IRQHandler>

200003e0 <ACE_Comp8_Rise_IRQHandler>:
200003e0:	e7fe      	b.n	200003e0 <ACE_Comp8_Rise_IRQHandler>

200003e2 <ACE_Comp9_Rise_IRQHandler>:
200003e2:	e7fe      	b.n	200003e2 <ACE_Comp9_Rise_IRQHandler>

200003e4 <ACE_Comp10_Rise_IRQHandler>:
200003e4:	e7fe      	b.n	200003e4 <ACE_Comp10_Rise_IRQHandler>

200003e6 <ACE_Comp11_Rise_IRQHandler>:
200003e6:	e7fe      	b.n	200003e6 <ACE_Comp11_Rise_IRQHandler>

200003e8 <ACE_ADC0_FifoFull_IRQHandler>:
200003e8:	e7fe      	b.n	200003e8 <ACE_ADC0_FifoFull_IRQHandler>

200003ea <ACE_ADC0_FifoAFull_IRQHandler>:
200003ea:	e7fe      	b.n	200003ea <ACE_ADC0_FifoAFull_IRQHandler>

200003ec <ACE_ADC0_FifoEmpty_IRQHandler>:
200003ec:	e7fe      	b.n	200003ec <ACE_ADC0_FifoEmpty_IRQHandler>

200003ee <ACE_ADC1_FifoFull_IRQHandler>:
200003ee:	e7fe      	b.n	200003ee <ACE_ADC1_FifoFull_IRQHandler>

200003f0 <ACE_ADC1_FifoAFull_IRQHandler>:
200003f0:	e7fe      	b.n	200003f0 <ACE_ADC1_FifoAFull_IRQHandler>

200003f2 <ACE_ADC1_FifoEmpty_IRQHandler>:
200003f2:	e7fe      	b.n	200003f2 <ACE_ADC1_FifoEmpty_IRQHandler>

200003f4 <ACE_ADC2_FifoFull_IRQHandler>:
200003f4:	e7fe      	b.n	200003f4 <ACE_ADC2_FifoFull_IRQHandler>

200003f6 <ACE_ADC2_FifoAFull_IRQHandler>:
200003f6:	e7fe      	b.n	200003f6 <ACE_ADC2_FifoAFull_IRQHandler>

200003f8 <ACE_ADC2_FifoEmpty_IRQHandler>:
200003f8:	e7fe      	b.n	200003f8 <ACE_ADC2_FifoEmpty_IRQHandler>

200003fa <ACE_PPE_Flag0_IRQHandler>:
200003fa:	e7fe      	b.n	200003fa <ACE_PPE_Flag0_IRQHandler>

200003fc <ACE_PPE_Flag1_IRQHandler>:
200003fc:	e7fe      	b.n	200003fc <ACE_PPE_Flag1_IRQHandler>

200003fe <ACE_PPE_Flag2_IRQHandler>:
200003fe:	e7fe      	b.n	200003fe <ACE_PPE_Flag2_IRQHandler>

20000400 <ACE_PPE_Flag3_IRQHandler>:
20000400:	e7fe      	b.n	20000400 <ACE_PPE_Flag3_IRQHandler>

20000402 <ACE_PPE_Flag4_IRQHandler>:
20000402:	e7fe      	b.n	20000402 <ACE_PPE_Flag4_IRQHandler>

20000404 <ACE_PPE_Flag5_IRQHandler>:
20000404:	e7fe      	b.n	20000404 <ACE_PPE_Flag5_IRQHandler>

20000406 <ACE_PPE_Flag6_IRQHandler>:
20000406:	e7fe      	b.n	20000406 <ACE_PPE_Flag6_IRQHandler>

20000408 <ACE_PPE_Flag7_IRQHandler>:
20000408:	e7fe      	b.n	20000408 <ACE_PPE_Flag7_IRQHandler>

2000040a <ACE_PPE_Flag8_IRQHandler>:
2000040a:	e7fe      	b.n	2000040a <ACE_PPE_Flag8_IRQHandler>

2000040c <ACE_PPE_Flag9_IRQHandler>:
2000040c:	e7fe      	b.n	2000040c <ACE_PPE_Flag9_IRQHandler>

2000040e <ACE_PPE_Flag10_IRQHandler>:
2000040e:	e7fe      	b.n	2000040e <ACE_PPE_Flag10_IRQHandler>

20000410 <ACE_PPE_Flag11_IRQHandler>:
20000410:	e7fe      	b.n	20000410 <ACE_PPE_Flag11_IRQHandler>

20000412 <ACE_PPE_Flag12_IRQHandler>:
20000412:	e7fe      	b.n	20000412 <ACE_PPE_Flag12_IRQHandler>

20000414 <ACE_PPE_Flag13_IRQHandler>:
20000414:	e7fe      	b.n	20000414 <ACE_PPE_Flag13_IRQHandler>

20000416 <ACE_PPE_Flag14_IRQHandler>:
20000416:	e7fe      	b.n	20000416 <ACE_PPE_Flag14_IRQHandler>

20000418 <ACE_PPE_Flag15_IRQHandler>:
20000418:	e7fe      	b.n	20000418 <ACE_PPE_Flag15_IRQHandler>

2000041a <ACE_PPE_Flag16_IRQHandler>:
2000041a:	e7fe      	b.n	2000041a <ACE_PPE_Flag16_IRQHandler>

2000041c <ACE_PPE_Flag17_IRQHandler>:
2000041c:	e7fe      	b.n	2000041c <ACE_PPE_Flag17_IRQHandler>

2000041e <ACE_PPE_Flag18_IRQHandler>:
2000041e:	e7fe      	b.n	2000041e <ACE_PPE_Flag18_IRQHandler>

20000420 <ACE_PPE_Flag19_IRQHandler>:
20000420:	e7fe      	b.n	20000420 <ACE_PPE_Flag19_IRQHandler>

20000422 <ACE_PPE_Flag20_IRQHandler>:
20000422:	e7fe      	b.n	20000422 <ACE_PPE_Flag20_IRQHandler>

20000424 <ACE_PPE_Flag21_IRQHandler>:
20000424:	e7fe      	b.n	20000424 <ACE_PPE_Flag21_IRQHandler>

20000426 <ACE_PPE_Flag22_IRQHandler>:
20000426:	e7fe      	b.n	20000426 <ACE_PPE_Flag22_IRQHandler>

20000428 <ACE_PPE_Flag23_IRQHandler>:
20000428:	e7fe      	b.n	20000428 <ACE_PPE_Flag23_IRQHandler>

2000042a <ACE_PPE_Flag24_IRQHandler>:
2000042a:	e7fe      	b.n	2000042a <ACE_PPE_Flag24_IRQHandler>

2000042c <ACE_PPE_Flag25_IRQHandler>:
2000042c:	e7fe      	b.n	2000042c <ACE_PPE_Flag25_IRQHandler>

2000042e <ACE_PPE_Flag26_IRQHandler>:
2000042e:	e7fe      	b.n	2000042e <ACE_PPE_Flag26_IRQHandler>

20000430 <ACE_PPE_Flag27_IRQHandler>:
20000430:	e7fe      	b.n	20000430 <ACE_PPE_Flag27_IRQHandler>

20000432 <ACE_PPE_Flag28_IRQHandler>:
20000432:	e7fe      	b.n	20000432 <ACE_PPE_Flag28_IRQHandler>

20000434 <ACE_PPE_Flag29_IRQHandler>:
20000434:	e7fe      	b.n	20000434 <ACE_PPE_Flag29_IRQHandler>

20000436 <ACE_PPE_Flag30_IRQHandler>:
20000436:	e7fe      	b.n	20000436 <ACE_PPE_Flag30_IRQHandler>

20000438 <ACE_PPE_Flag31_IRQHandler>:
20000438:	e7fe      	b.n	20000438 <ACE_PPE_Flag31_IRQHandler>
2000043a:	0000      	.short	0x0000
2000043c:	20000af9 	.word	0x20000af9
20000440:	00000000 	.word	0x00000000
20000444:	20000000 	.word	0x20000000
20000448:	20000000 	.word	0x20000000
2000044c:	200013f0 	.word	0x200013f0
20000450:	200013f0 	.word	0x200013f0
20000454:	200013f0 	.word	0x200013f0
20000458:	20001900 	.word	0x20001900
2000045c:	00000000 	.word	0x00000000
20000460:	20001900 	.word	0x20001900
20000464:	20001948 	.word	0x20001948
20000468:	20000b05 	.word	0x20000b05
2000046c:	20000969 	.word	0x20000969

20000470 <__do_global_dtors_aux>:
20000470:	f641 1300 	movw	r3, #6400	; 0x1900
20000474:	f2c2 0300 	movt	r3, #8192	; 0x2000
20000478:	781a      	ldrb	r2, [r3, #0]
2000047a:	b90a      	cbnz	r2, 20000480 <__do_global_dtors_aux+0x10>
2000047c:	2001      	movs	r0, #1
2000047e:	7018      	strb	r0, [r3, #0]
20000480:	4770      	bx	lr
20000482:	bf00      	nop

20000484 <frame_dummy>:
20000484:	f241 30f0 	movw	r0, #5104	; 0x13f0
20000488:	f2c2 0000 	movt	r0, #8192	; 0x2000
2000048c:	b508      	push	{r3, lr}
2000048e:	6803      	ldr	r3, [r0, #0]
20000490:	b12b      	cbz	r3, 2000049e <frame_dummy+0x1a>
20000492:	f240 0300 	movw	r3, #0
20000496:	f2c0 0300 	movt	r3, #0
2000049a:	b103      	cbz	r3, 2000049e <frame_dummy+0x1a>
2000049c:	4798      	blx	r3
2000049e:	bd08      	pop	{r3, pc}

200004a0 <NVIC_EnableIRQ>:
 *
 * Enable a device specific interupt in the NVIC interrupt controller.
 * The interrupt number cannot be a negative value.
 */
static __INLINE void NVIC_EnableIRQ(IRQn_Type IRQn)
{
200004a0:	b480      	push	{r7}
200004a2:	b083      	sub	sp, #12
200004a4:	af00      	add	r7, sp, #0
200004a6:	4603      	mov	r3, r0
200004a8:	80fb      	strh	r3, [r7, #6]
  NVIC->ISER[((uint32_t)(IRQn) >> 5)] = (1 << ((uint32_t)(IRQn) & 0x1F)); /* enable interrupt */
200004aa:	f24e 1300 	movw	r3, #57600	; 0xe100
200004ae:	f2ce 0300 	movt	r3, #57344	; 0xe000
200004b2:	f9b7 2006 	ldrsh.w	r2, [r7, #6]
200004b6:	ea4f 1252 	mov.w	r2, r2, lsr #5
200004ba:	88f9      	ldrh	r1, [r7, #6]
200004bc:	f001 011f 	and.w	r1, r1, #31
200004c0:	f04f 0001 	mov.w	r0, #1
200004c4:	fa00 f101 	lsl.w	r1, r0, r1
200004c8:	f843 1022 	str.w	r1, [r3, r2, lsl #2]
}
200004cc:	f107 070c 	add.w	r7, r7, #12
200004d0:	46bd      	mov	sp, r7
200004d2:	bc80      	pop	{r7}
200004d4:	4770      	bx	lr
200004d6:	bf00      	nop

200004d8 <NVIC_DisableIRQ>:
 * 
 * Disable a device specific interupt in the NVIC interrupt controller.
 * The interrupt number cannot be a negative value.
 */
static __INLINE void NVIC_DisableIRQ(IRQn_Type IRQn)
{
200004d8:	b480      	push	{r7}
200004da:	b083      	sub	sp, #12
200004dc:	af00      	add	r7, sp, #0
200004de:	4603      	mov	r3, r0
200004e0:	80fb      	strh	r3, [r7, #6]
  NVIC->ICER[((uint32_t)(IRQn) >> 5)] = (1 << ((uint32_t)(IRQn) & 0x1F)); /* disable interrupt */
200004e2:	f24e 1300 	movw	r3, #57600	; 0xe100
200004e6:	f2ce 0300 	movt	r3, #57344	; 0xe000
200004ea:	f9b7 2006 	ldrsh.w	r2, [r7, #6]
200004ee:	ea4f 1252 	mov.w	r2, r2, lsr #5
200004f2:	88f9      	ldrh	r1, [r7, #6]
200004f4:	f001 011f 	and.w	r1, r1, #31
200004f8:	f04f 0001 	mov.w	r0, #1
200004fc:	fa00 f101 	lsl.w	r1, r0, r1
20000500:	f102 0220 	add.w	r2, r2, #32
20000504:	f843 1022 	str.w	r1, [r3, r2, lsl #2]
}
20000508:	f107 070c 	add.w	r7, r7, #12
2000050c:	46bd      	mov	sp, r7
2000050e:	bc80      	pop	{r7}
20000510:	4770      	bx	lr
20000512:	bf00      	nop

20000514 <NVIC_ClearPendingIRQ>:
 *
 * Clear the pending bit for the specified interrupt. 
 * The interrupt number cannot be a negative value.
 */
static __INLINE void NVIC_ClearPendingIRQ(IRQn_Type IRQn)
{
20000514:	b480      	push	{r7}
20000516:	b083      	sub	sp, #12
20000518:	af00      	add	r7, sp, #0
2000051a:	4603      	mov	r3, r0
2000051c:	80fb      	strh	r3, [r7, #6]
  NVIC->ICPR[((uint32_t)(IRQn) >> 5)] = (1 << ((uint32_t)(IRQn) & 0x1F)); /* Clear pending interrupt */
2000051e:	f24e 1300 	movw	r3, #57600	; 0xe100
20000522:	f2ce 0300 	movt	r3, #57344	; 0xe000
20000526:	f9b7 2006 	ldrsh.w	r2, [r7, #6]
2000052a:	ea4f 1252 	mov.w	r2, r2, lsr #5
2000052e:	88f9      	ldrh	r1, [r7, #6]
20000530:	f001 011f 	and.w	r1, r1, #31
20000534:	f04f 0001 	mov.w	r0, #1
20000538:	fa00 f101 	lsl.w	r1, r0, r1
2000053c:	f102 0260 	add.w	r2, r2, #96	; 0x60
20000540:	f843 1022 	str.w	r1, [r3, r2, lsl #2]
}
20000544:	f107 070c 	add.w	r7, r7, #12
20000548:	46bd      	mov	sp, r7
2000054a:	bc80      	pop	{r7}
2000054c:	4770      	bx	lr
2000054e:	bf00      	nop

20000550 <MSS_TIM1_init>:
    one-shot mode. Allowed values for this parameter are:
        - MSS_TIMER_PERIODIC_MODE
        - MSS_TIMER_ONE_SHOT_MODE
 */
static __INLINE void MSS_TIM1_init( mss_timer_mode_t mode )
{
20000550:	b580      	push	{r7, lr}
20000552:	b082      	sub	sp, #8
20000554:	af00      	add	r7, sp, #0
20000556:	4603      	mov	r3, r0
20000558:	71fb      	strb	r3, [r7, #7]
    NVIC_DisableIRQ( Timer1_IRQn );             /* Disable timer 1 irq in the Cortex-M3 NVIC */  
2000055a:	f04f 0014 	mov.w	r0, #20
2000055e:	f7ff ffbb 	bl	200004d8 <NVIC_DisableIRQ>
    
    SYSREG->SOFT_RST_CR &= ~SYSREG_TIMER_SOFTRESET_MASK; /* Take timer block out of reset */
20000562:	f242 0300 	movw	r3, #8192	; 0x2000
20000566:	f2ce 0304 	movt	r3, #57348	; 0xe004
2000056a:	f242 0200 	movw	r2, #8192	; 0x2000
2000056e:	f2ce 0204 	movt	r2, #57348	; 0xe004
20000572:	6b12      	ldr	r2, [r2, #48]	; 0x30
20000574:	f022 0240 	bic.w	r2, r2, #64	; 0x40
20000578:	631a      	str	r2, [r3, #48]	; 0x30
    
    TIMER->TIM64_MODE = 0U;                     /* switch to 32 bits mode */
2000057a:	f245 0300 	movw	r3, #20480	; 0x5000
2000057e:	f2c4 0300 	movt	r3, #16384	; 0x4000
20000582:	f04f 0200 	mov.w	r2, #0
20000586:	655a      	str	r2, [r3, #84]	; 0x54
    
    TIMER_BITBAND->TIM1ENABLE = 0U;             /* disable timer */
20000588:	f240 0300 	movw	r3, #0
2000058c:	f2c4 230a 	movt	r3, #16906	; 0x420a
20000590:	f04f 0200 	mov.w	r2, #0
20000594:	f8c3 2180 	str.w	r2, [r3, #384]	; 0x180
    TIMER_BITBAND->TIM1INTEN = 0U;              /* disable interrupt */
20000598:	f240 0300 	movw	r3, #0
2000059c:	f2c4 230a 	movt	r3, #16906	; 0x420a
200005a0:	f04f 0200 	mov.w	r2, #0
200005a4:	f8c3 2188 	str.w	r2, [r3, #392]	; 0x188
    TIMER_BITBAND->TIM1MODE = (uint32_t)mode;   /* set mode (continuous/one-shot) */
200005a8:	f240 0300 	movw	r3, #0
200005ac:	f2c4 230a 	movt	r3, #16906	; 0x420a
200005b0:	79fa      	ldrb	r2, [r7, #7]
200005b2:	f8c3 2184 	str.w	r2, [r3, #388]	; 0x184
    
    TIMER->TIM1_RIS = 1U;                       /* clear timer 1 interrupt */
200005b6:	f245 0300 	movw	r3, #20480	; 0x5000
200005ba:	f2c4 0300 	movt	r3, #16384	; 0x4000
200005be:	f04f 0201 	mov.w	r2, #1
200005c2:	611a      	str	r2, [r3, #16]
    NVIC_ClearPendingIRQ( Timer1_IRQn );        /* clear timer 1 interrupt within NVIC */
200005c4:	f04f 0014 	mov.w	r0, #20
200005c8:	f7ff ffa4 	bl	20000514 <NVIC_ClearPendingIRQ>
}
200005cc:	f107 0708 	add.w	r7, r7, #8
200005d0:	46bd      	mov	sp, r7
200005d2:	bd80      	pop	{r7, pc}

200005d4 <MSS_TIM1_start>:
  MSS_TIM1_load_immediate() or MSS_TIM1_load_background() functions. 
  Note: The MSS_TIM1_start() function is also used to resume the down-counter
        if previously stopped using MSS_TIM1_stop() function.
 */
static __INLINE void MSS_TIM1_start( void )
{
200005d4:	b480      	push	{r7}
200005d6:	af00      	add	r7, sp, #0
    TIMER_BITBAND->TIM1ENABLE = 1U;    /* enable timer */
200005d8:	f240 0300 	movw	r3, #0
200005dc:	f2c4 230a 	movt	r3, #16906	; 0x420a
200005e0:	f04f 0201 	mov.w	r2, #1
200005e4:	f8c3 2180 	str.w	r2, [r3, #384]	; 0x180
}
200005e8:	46bd      	mov	sp, r7
200005ea:	bc80      	pop	{r7}
200005ec:	4770      	bx	lr
200005ee:	bf00      	nop

200005f0 <MSS_TIM1_load_immediate>:
  @param load_value
    The load_value parameter specifies the value from which the Timer 1 
    down-counter will start decrementing.
 */
static __INLINE void MSS_TIM1_load_immediate( uint32_t load_value )
{
200005f0:	b480      	push	{r7}
200005f2:	b083      	sub	sp, #12
200005f4:	af00      	add	r7, sp, #0
200005f6:	6078      	str	r0, [r7, #4]
    TIMER->TIM1_LOADVAL = load_value;
200005f8:	f245 0300 	movw	r3, #20480	; 0x5000
200005fc:	f2c4 0300 	movt	r3, #16384	; 0x4000
20000600:	687a      	ldr	r2, [r7, #4]
20000602:	605a      	str	r2, [r3, #4]
}
20000604:	f107 070c 	add.w	r7, r7, #12
20000608:	46bd      	mov	sp, r7
2000060a:	bc80      	pop	{r7}
2000060c:	4770      	bx	lr
2000060e:	bf00      	nop

20000610 <MSS_TIM1_enable_irq>:
  weak linkage, in the SmartFusion CMSIS-PAL. You must provide your own
  implementation of the Timer1_IRQHandler() function, that will override the
  default implementation, to suit your application.
 */
static __INLINE void MSS_TIM1_enable_irq( void )
{
20000610:	b580      	push	{r7, lr}
20000612:	af00      	add	r7, sp, #0
    TIMER_BITBAND->TIM1INTEN = 1U;
20000614:	f240 0300 	movw	r3, #0
20000618:	f2c4 230a 	movt	r3, #16906	; 0x420a
2000061c:	f04f 0201 	mov.w	r2, #1
20000620:	f8c3 2188 	str.w	r2, [r3, #392]	; 0x188
    NVIC_EnableIRQ( Timer1_IRQn );
20000624:	f04f 0014 	mov.w	r0, #20
20000628:	f7ff ff3a 	bl	200004a0 <NVIC_EnableIRQ>
}
2000062c:	bd80      	pop	{r7, pc}
2000062e:	bf00      	nop

20000630 <MSS_TIM1_clear_irq>:
  implementation of the Timer1_IRQHandler() Timer 1 interrupt service routine
  (ISR) in order to prevent the same interrupt event retriggering a call to the
  ISR.
 */
static __INLINE void MSS_TIM1_clear_irq( void )
{
20000630:	b480      	push	{r7}
20000632:	af00      	add	r7, sp, #0
    TIMER->TIM1_RIS = 1U;
20000634:	f245 0300 	movw	r3, #20480	; 0x5000
20000638:	f2c4 0300 	movt	r3, #16384	; 0x4000
2000063c:	f04f 0201 	mov.w	r2, #1
20000640:	611a      	str	r2, [r3, #16]
    /*
      To ensure all the previous instructions are completed, data barrier 
      instruction is used. The “dsb” data barriers instruction completes,
      only after all the previous instruction are completed. 
     */
    __ASM volatile ("dsb");
20000642:	f3bf 8f4f 	dsb	sy
}
20000646:	46bd      	mov	sp, r7
20000648:	bc80      	pop	{r7}
2000064a:	4770      	bx	lr

2000064c <start_hardware_timer>:
	dirLeft = dirL;
	dirRight = dirR;
}

//used to initialize hardware
void start_hardware_timer(){
2000064c:	b580      	push	{r7, lr}
2000064e:	af00      	add	r7, sp, #0
	// mode == 1 One shot mode == 0 continuous
	MSS_TIM1_init(MSS_TIMER_PERIODIC_MODE);
20000650:	f04f 0000 	mov.w	r0, #0
20000654:	f7ff ff7c 	bl	20000550 <MSS_TIM1_init>

	MSS_TIM1_load_immediate(root->period);
20000658:	f641 1304 	movw	r3, #6404	; 0x1904
2000065c:	f2c2 0300 	movt	r3, #8192	; 0x2000
20000660:	681b      	ldr	r3, [r3, #0]
20000662:	689b      	ldr	r3, [r3, #8]
20000664:	4618      	mov	r0, r3
20000666:	f7ff ffc3 	bl	200005f0 <MSS_TIM1_load_immediate>
	MSS_TIM1_start();
2000066a:	f7ff ffb3 	bl	200005d4 <MSS_TIM1_start>
	MSS_TIM1_enable_irq();
2000066e:	f7ff ffcf 	bl	20000610 <MSS_TIM1_enable_irq>
}
20000672:	bd80      	pop	{r7, pc}

20000674 <insert_timer>:

void insert_timer(timer_tt* newtimer){
20000674:	b480      	push	{r7}
20000676:	b085      	sub	sp, #20
20000678:	af00      	add	r7, sp, #0
2000067a:	6078      	str	r0, [r7, #4]

	if(root == NULL){
2000067c:	f641 1304 	movw	r3, #6404	; 0x1904
20000680:	f2c2 0300 	movt	r3, #8192	; 0x2000
20000684:	681b      	ldr	r3, [r3, #0]
20000686:	2b00      	cmp	r3, #0
20000688:	d106      	bne.n	20000698 <insert_timer+0x24>
		root = newtimer;
2000068a:	f641 1304 	movw	r3, #6404	; 0x1904
2000068e:	f2c2 0300 	movt	r3, #8192	; 0x2000
20000692:	687a      	ldr	r2, [r7, #4]
20000694:	601a      	str	r2, [r3, #0]
		return;
20000696:	e03a      	b.n	2000070e <insert_timer+0x9a>
	}

	timer_tt* curr = root;
20000698:	f641 1304 	movw	r3, #6404	; 0x1904
2000069c:	f2c2 0300 	movt	r3, #8192	; 0x2000
200006a0:	681b      	ldr	r3, [r3, #0]
200006a2:	60fb      	str	r3, [r7, #12]
	while( curr != NULL){
200006a4:	e030      	b.n	20000708 <insert_timer+0x94>
		if(curr->time > newtimer->time){
200006a6:	68fb      	ldr	r3, [r7, #12]
200006a8:	685a      	ldr	r2, [r3, #4]
200006aa:	687b      	ldr	r3, [r7, #4]
200006ac:	685b      	ldr	r3, [r3, #4]
200006ae:	429a      	cmp	r2, r3
200006b0:	d91c      	bls.n	200006ec <insert_timer+0x78>
			if(curr->prev == NULL){
200006b2:	68fb      	ldr	r3, [r7, #12]
200006b4:	695b      	ldr	r3, [r3, #20]
200006b6:	2b00      	cmp	r3, #0
200006b8:	d105      	bne.n	200006c6 <insert_timer+0x52>
				root = newtimer;
200006ba:	f641 1304 	movw	r3, #6404	; 0x1904
200006be:	f2c2 0300 	movt	r3, #8192	; 0x2000
200006c2:	687a      	ldr	r2, [r7, #4]
200006c4:	601a      	str	r2, [r3, #0]
			}
			if(curr->prev != NULL){
200006c6:	68fb      	ldr	r3, [r7, #12]
200006c8:	695b      	ldr	r3, [r3, #20]
200006ca:	2b00      	cmp	r3, #0
200006cc:	d003      	beq.n	200006d6 <insert_timer+0x62>
				curr->prev->next = newtimer;
200006ce:	68fb      	ldr	r3, [r7, #12]
200006d0:	695b      	ldr	r3, [r3, #20]
200006d2:	687a      	ldr	r2, [r7, #4]
200006d4:	611a      	str	r2, [r3, #16]
			}
			newtimer->prev = curr->prev;
200006d6:	68fb      	ldr	r3, [r7, #12]
200006d8:	695a      	ldr	r2, [r3, #20]
200006da:	687b      	ldr	r3, [r7, #4]
200006dc:	615a      	str	r2, [r3, #20]
			curr->prev = newtimer;
200006de:	68fb      	ldr	r3, [r7, #12]
200006e0:	687a      	ldr	r2, [r7, #4]
200006e2:	615a      	str	r2, [r3, #20]
			newtimer->next = curr;
200006e4:	687b      	ldr	r3, [r7, #4]
200006e6:	68fa      	ldr	r2, [r7, #12]
200006e8:	611a      	str	r2, [r3, #16]
			return;
200006ea:	e010      	b.n	2000070e <insert_timer+0x9a>
		}
		else{
			if(curr->next == NULL){
200006ec:	68fb      	ldr	r3, [r7, #12]
200006ee:	691b      	ldr	r3, [r3, #16]
200006f0:	2b00      	cmp	r3, #0
200006f2:	d106      	bne.n	20000702 <insert_timer+0x8e>
				curr->next = newtimer;
200006f4:	68fb      	ldr	r3, [r7, #12]
200006f6:	687a      	ldr	r2, [r7, #4]
200006f8:	611a      	str	r2, [r3, #16]
				newtimer->prev = curr;
200006fa:	687b      	ldr	r3, [r7, #4]
200006fc:	68fa      	ldr	r2, [r7, #12]
200006fe:	615a      	str	r2, [r3, #20]
				return;
20000700:	e005      	b.n	2000070e <insert_timer+0x9a>
			}
			curr = curr->next;
20000702:	68fb      	ldr	r3, [r7, #12]
20000704:	691b      	ldr	r3, [r3, #16]
20000706:	60fb      	str	r3, [r7, #12]
		root = newtimer;
		return;
	}

	timer_tt* curr = root;
	while( curr != NULL){
20000708:	68fb      	ldr	r3, [r7, #12]
2000070a:	2b00      	cmp	r3, #0
2000070c:	d1cb      	bne.n	200006a6 <insert_timer+0x32>
				return;
			}
			curr = curr->next;
		}
	}
}
2000070e:	f107 0714 	add.w	r7, r7, #20
20000712:	46bd      	mov	sp, r7
20000714:	bc80      	pop	{r7}
20000716:	4770      	bx	lr

20000718 <motorLeft>:

void motorLeft(int dir) {
20000718:	b580      	push	{r7, lr}
2000071a:	b082      	sub	sp, #8
2000071c:	af00      	add	r7, sp, #0
2000071e:	6078      	str	r0, [r7, #4]
	step(dir, NO);
20000720:	6878      	ldr	r0, [r7, #4]
20000722:	f04f 0100 	mov.w	r1, #0
20000726:	f000 f959 	bl	200009dc <step>
}
2000072a:	f107 0708 	add.w	r7, r7, #8
2000072e:	46bd      	mov	sp, r7
20000730:	bd80      	pop	{r7, pc}
20000732:	bf00      	nop

20000734 <motorRight>:
void motorRight(int dir) {
20000734:	b580      	push	{r7, lr}
20000736:	b082      	sub	sp, #8
20000738:	af00      	add	r7, sp, #0
2000073a:	6078      	str	r0, [r7, #4]
	step(NO, dir);
2000073c:	f04f 0000 	mov.w	r0, #0
20000740:	6879      	ldr	r1, [r7, #4]
20000742:	f000 f94b 	bl	200009dc <step>
}
20000746:	f107 0708 	add.w	r7, r7, #8
2000074a:	46bd      	mov	sp, r7
2000074c:	bd80      	pop	{r7, pc}
2000074e:	bf00      	nop

20000750 <startTimerContinuous>:

//add a continuous (periodic) timer to linked list.
void startTimerContinuous(int isLeft, uint32_t period){
20000750:	b580      	push	{r7, lr}
20000752:	b084      	sub	sp, #16
20000754:	af00      	add	r7, sp, #0
20000756:	6078      	str	r0, [r7, #4]
20000758:	6039      	str	r1, [r7, #0]
	timer_tt* newTimer = NULL;
2000075a:	f04f 0300 	mov.w	r3, #0
2000075e:	60fb      	str	r3, [r7, #12]
	newTimer = (timer_tt*)malloc(sizeof(struct Timer));
20000760:	f04f 0018 	mov.w	r0, #24
20000764:	f000 f9fe 	bl	20000b64 <malloc>
20000768:	4603      	mov	r3, r0
2000076a:	60fb      	str	r3, [r7, #12]
	newTimer->left = isLeft;
2000076c:	68fb      	ldr	r3, [r7, #12]
2000076e:	687a      	ldr	r2, [r7, #4]
20000770:	601a      	str	r2, [r3, #0]
	newTimer->period = period;
20000772:	68fb      	ldr	r3, [r7, #12]
20000774:	683a      	ldr	r2, [r7, #0]
20000776:	609a      	str	r2, [r3, #8]
	newTimer->time = period;
20000778:	68fb      	ldr	r3, [r7, #12]
2000077a:	683a      	ldr	r2, [r7, #0]
2000077c:	605a      	str	r2, [r3, #4]
	newTimer->mode = 0;
2000077e:	68fb      	ldr	r3, [r7, #12]
20000780:	f04f 0200 	mov.w	r2, #0
20000784:	60da      	str	r2, [r3, #12]
	newTimer->next = NULL;
20000786:	68fb      	ldr	r3, [r7, #12]
20000788:	f04f 0200 	mov.w	r2, #0
2000078c:	611a      	str	r2, [r3, #16]
	newTimer->prev = NULL;
2000078e:	68fb      	ldr	r3, [r7, #12]
20000790:	f04f 0200 	mov.w	r2, #0
20000794:	615a      	str	r2, [r3, #20]

	insert_timer(newTimer);
20000796:	68f8      	ldr	r0, [r7, #12]
20000798:	f7ff ff6c 	bl	20000674 <insert_timer>
}
2000079c:	f107 0710 	add.w	r7, r7, #16
200007a0:	46bd      	mov	sp, r7
200007a2:	bd80      	pop	{r7, pc}

200007a4 <update_timers>:
//example
//startTimerContinuous(&led0, 50000000);

//update down count with elapsed time, call fnc if timer zero, update continuous timers
//with new down count
void update_timers(){
200007a4:	b580      	push	{r7, lr}
200007a6:	b082      	sub	sp, #8
200007a8:	af00      	add	r7, sp, #0
	timer_tt *curr = root;
200007aa:	f641 1304 	movw	r3, #6404	; 0x1904
200007ae:	f2c2 0300 	movt	r3, #8192	; 0x2000
200007b2:	681b      	ldr	r3, [r3, #0]
200007b4:	603b      	str	r3, [r7, #0]
	curr = curr->next;
200007b6:	683b      	ldr	r3, [r7, #0]
200007b8:	691b      	ldr	r3, [r3, #16]
200007ba:	603b      	str	r3, [r7, #0]
	while(curr != NULL){
200007bc:	e00e      	b.n	200007dc <update_timers+0x38>
		curr->time = curr->time - root->time;
200007be:	683b      	ldr	r3, [r7, #0]
200007c0:	685a      	ldr	r2, [r3, #4]
200007c2:	f641 1304 	movw	r3, #6404	; 0x1904
200007c6:	f2c2 0300 	movt	r3, #8192	; 0x2000
200007ca:	681b      	ldr	r3, [r3, #0]
200007cc:	685b      	ldr	r3, [r3, #4]
200007ce:	ebc3 0202 	rsb	r2, r3, r2
200007d2:	683b      	ldr	r3, [r7, #0]
200007d4:	605a      	str	r2, [r3, #4]
		curr = curr->next;
200007d6:	683b      	ldr	r3, [r7, #0]
200007d8:	691b      	ldr	r3, [r3, #16]
200007da:	603b      	str	r3, [r7, #0]
//update down count with elapsed time, call fnc if timer zero, update continuous timers
//with new down count
void update_timers(){
	timer_tt *curr = root;
	curr = curr->next;
	while(curr != NULL){
200007dc:	683b      	ldr	r3, [r7, #0]
200007de:	2b00      	cmp	r3, #0
200007e0:	d1ed      	bne.n	200007be <update_timers+0x1a>
		curr->time = curr->time - root->time;
		curr = curr->next;
	}
	if(root->next == NULL){
200007e2:	f641 1304 	movw	r3, #6404	; 0x1904
200007e6:	f2c2 0300 	movt	r3, #8192	; 0x2000
200007ea:	681b      	ldr	r3, [r3, #0]
200007ec:	691b      	ldr	r3, [r3, #16]
200007ee:	2b00      	cmp	r3, #0
200007f0:	d11c      	bne.n	2000082c <update_timers+0x88>
		if(!root->mode){
200007f2:	f641 1304 	movw	r3, #6404	; 0x1904
200007f6:	f2c2 0300 	movt	r3, #8192	; 0x2000
200007fa:	681b      	ldr	r3, [r3, #0]
200007fc:	68db      	ldr	r3, [r3, #12]
200007fe:	2b00      	cmp	r3, #0
20000800:	d10c      	bne.n	2000081c <update_timers+0x78>
			root->time = root->period;
20000802:	f641 1304 	movw	r3, #6404	; 0x1904
20000806:	f2c2 0300 	movt	r3, #8192	; 0x2000
2000080a:	681a      	ldr	r2, [r3, #0]
2000080c:	f641 1304 	movw	r3, #6404	; 0x1904
20000810:	f2c2 0300 	movt	r3, #8192	; 0x2000
20000814:	681b      	ldr	r3, [r3, #0]
20000816:	689b      	ldr	r3, [r3, #8]
20000818:	6053      	str	r3, [r2, #4]
			return;
2000081a:	e035      	b.n	20000888 <update_timers+0xe4>
		}
		else{
			root = NULL;
2000081c:	f641 1304 	movw	r3, #6404	; 0x1904
20000820:	f2c2 0300 	movt	r3, #8192	; 0x2000
20000824:	f04f 0200 	mov.w	r2, #0
20000828:	601a      	str	r2, [r3, #0]
			return;
2000082a:	e02d      	b.n	20000888 <update_timers+0xe4>
		}
	}
	timer_tt *temp = root;
2000082c:	f641 1304 	movw	r3, #6404	; 0x1904
20000830:	f2c2 0300 	movt	r3, #8192	; 0x2000
20000834:	681b      	ldr	r3, [r3, #0]
20000836:	607b      	str	r3, [r7, #4]
	root = root->next;
20000838:	f641 1304 	movw	r3, #6404	; 0x1904
2000083c:	f2c2 0300 	movt	r3, #8192	; 0x2000
20000840:	681b      	ldr	r3, [r3, #0]
20000842:	691a      	ldr	r2, [r3, #16]
20000844:	f641 1304 	movw	r3, #6404	; 0x1904
20000848:	f2c2 0300 	movt	r3, #8192	; 0x2000
2000084c:	601a      	str	r2, [r3, #0]
	temp->next = NULL;
2000084e:	687b      	ldr	r3, [r7, #4]
20000850:	f04f 0200 	mov.w	r2, #0
20000854:	611a      	str	r2, [r3, #16]
	root->prev = NULL;
20000856:	f641 1304 	movw	r3, #6404	; 0x1904
2000085a:	f2c2 0300 	movt	r3, #8192	; 0x2000
2000085e:	681b      	ldr	r3, [r3, #0]
20000860:	f04f 0200 	mov.w	r2, #0
20000864:	615a      	str	r2, [r3, #20]
	if(!temp->mode){
20000866:	687b      	ldr	r3, [r7, #4]
20000868:	68db      	ldr	r3, [r3, #12]
2000086a:	2b00      	cmp	r3, #0
2000086c:	d10b      	bne.n	20000886 <update_timers+0xe2>
		startTimerContinuous(temp->left, temp->period);
2000086e:	687b      	ldr	r3, [r7, #4]
20000870:	681a      	ldr	r2, [r3, #0]
20000872:	687b      	ldr	r3, [r7, #4]
20000874:	689b      	ldr	r3, [r3, #8]
20000876:	4610      	mov	r0, r2
20000878:	4619      	mov	r1, r3
2000087a:	f7ff ff69 	bl	20000750 <startTimerContinuous>
		free(temp);
2000087e:	6878      	ldr	r0, [r7, #4]
20000880:	f000 f968 	bl	20000b54 <free>
		return;
20000884:	e000      	b.n	20000888 <update_timers+0xe4>
	}
	return;
20000886:	bf00      	nop
}
20000888:	f107 0708 	add.w	r7, r7, #8
2000088c:	46bd      	mov	sp, r7
2000088e:	bd80      	pop	{r7, pc}

20000890 <Timer1_IRQHandler>:

void Timer1_IRQHandler( void ){
20000890:	b580      	push	{r7, lr}
20000892:	b082      	sub	sp, #8
20000894:	af00      	add	r7, sp, #0

	if(root->left){
20000896:	f641 1304 	movw	r3, #6404	; 0x1904
2000089a:	f2c2 0300 	movt	r3, #8192	; 0x2000
2000089e:	681b      	ldr	r3, [r3, #0]
200008a0:	681b      	ldr	r3, [r3, #0]
200008a2:	2b00      	cmp	r3, #0
200008a4:	d008      	beq.n	200008b8 <Timer1_IRQHandler+0x28>
		motorLeft(dirLeft);
200008a6:	f241 33f4 	movw	r3, #5108	; 0x13f4
200008aa:	f2c2 0300 	movt	r3, #8192	; 0x2000
200008ae:	681b      	ldr	r3, [r3, #0]
200008b0:	4618      	mov	r0, r3
200008b2:	f7ff ff31 	bl	20000718 <motorLeft>
200008b6:	e007      	b.n	200008c8 <Timer1_IRQHandler+0x38>
	}
	else{
		motorRight(dirRight);
200008b8:	f241 33f8 	movw	r3, #5112	; 0x13f8
200008bc:	f2c2 0300 	movt	r3, #8192	; 0x2000
200008c0:	681b      	ldr	r3, [r3, #0]
200008c2:	4618      	mov	r0, r3
200008c4:	f7ff ff36 	bl	20000734 <motorRight>
	}
	update_timers();
200008c8:	f7ff ff6c 	bl	200007a4 <update_timers>

	timer_tt* temp = root;
200008cc:	f641 1304 	movw	r3, #6404	; 0x1904
200008d0:	f2c2 0300 	movt	r3, #8192	; 0x2000
200008d4:	681b      	ldr	r3, [r3, #0]
200008d6:	603b      	str	r3, [r7, #0]
	while(temp != NULL){
200008d8:	e031      	b.n	2000093e <Timer1_IRQHandler+0xae>
		int not_change = 0;
200008da:	f04f 0300 	mov.w	r3, #0
200008de:	607b      	str	r3, [r7, #4]
		if(temp->time == 0){
200008e0:	683b      	ldr	r3, [r7, #0]
200008e2:	685b      	ldr	r3, [r3, #4]
200008e4:	2b00      	cmp	r3, #0
200008e6:	d11d      	bne.n	20000924 <Timer1_IRQHandler+0x94>
			if(root->left){
200008e8:	f641 1304 	movw	r3, #6404	; 0x1904
200008ec:	f2c2 0300 	movt	r3, #8192	; 0x2000
200008f0:	681b      	ldr	r3, [r3, #0]
200008f2:	681b      	ldr	r3, [r3, #0]
200008f4:	2b00      	cmp	r3, #0
200008f6:	d008      	beq.n	2000090a <Timer1_IRQHandler+0x7a>
				motorLeft(dirLeft);
200008f8:	f241 33f4 	movw	r3, #5108	; 0x13f4
200008fc:	f2c2 0300 	movt	r3, #8192	; 0x2000
20000900:	681b      	ldr	r3, [r3, #0]
20000902:	4618      	mov	r0, r3
20000904:	f7ff ff08 	bl	20000718 <motorLeft>
20000908:	e007      	b.n	2000091a <Timer1_IRQHandler+0x8a>
			}
			else{
				motorRight(dirRight);
2000090a:	f241 33f8 	movw	r3, #5112	; 0x13f8
2000090e:	f2c2 0300 	movt	r3, #8192	; 0x2000
20000912:	681b      	ldr	r3, [r3, #0]
20000914:	4618      	mov	r0, r3
20000916:	f7ff ff0d 	bl	20000734 <motorRight>
			}
			update_timers();
2000091a:	f7ff ff43 	bl	200007a4 <update_timers>
			not_change = 1;
2000091e:	f04f 0301 	mov.w	r3, #1
20000922:	607b      	str	r3, [r7, #4]
		}
		if(not_change){
20000924:	687b      	ldr	r3, [r7, #4]
20000926:	2b00      	cmp	r3, #0
20000928:	d006      	beq.n	20000938 <Timer1_IRQHandler+0xa8>
			temp = root;
2000092a:	f641 1304 	movw	r3, #6404	; 0x1904
2000092e:	f2c2 0300 	movt	r3, #8192	; 0x2000
20000932:	681b      	ldr	r3, [r3, #0]
20000934:	603b      	str	r3, [r7, #0]
20000936:	e002      	b.n	2000093e <Timer1_IRQHandler+0xae>
		}
		else{
			temp = temp->next;
20000938:	683b      	ldr	r3, [r7, #0]
2000093a:	691b      	ldr	r3, [r3, #16]
2000093c:	603b      	str	r3, [r7, #0]
		motorRight(dirRight);
	}
	update_timers();

	timer_tt* temp = root;
	while(temp != NULL){
2000093e:	683b      	ldr	r3, [r7, #0]
20000940:	2b00      	cmp	r3, #0
20000942:	d1ca      	bne.n	200008da <Timer1_IRQHandler+0x4a>
		else{
			temp = temp->next;
		}
	}

	MSS_TIM1_clear_irq();
20000944:	f7ff fe74 	bl	20000630 <MSS_TIM1_clear_irq>
	MSS_TIM1_load_immediate(root->time);
20000948:	f641 1304 	movw	r3, #6404	; 0x1904
2000094c:	f2c2 0300 	movt	r3, #8192	; 0x2000
20000950:	681b      	ldr	r3, [r3, #0]
20000952:	685b      	ldr	r3, [r3, #4]
20000954:	4618      	mov	r0, r3
20000956:	f7ff fe4b 	bl	200005f0 <MSS_TIM1_load_immediate>
	start_hardware_timer();
2000095a:	f7ff fe77 	bl	2000064c <start_hardware_timer>
};
2000095e:	f107 0708 	add.w	r7, r7, #8
20000962:	46bd      	mov	sp, r7
20000964:	bd80      	pop	{r7, pc}
20000966:	bf00      	nop

20000968 <main>:
#include "stepper.h"
#include "timer.h"

int main(){
20000968:	b580      	push	{r7, lr}
2000096a:	af00      	add	r7, sp, #0

	stepper_config(SIXTEENTH, SIXTEENTH);
2000096c:	f04f 0007 	mov.w	r0, #7
20000970:	f04f 0107 	mov.w	r1, #7
20000974:	f000 f820 	bl	200009b8 <stepper_config>

	startTimerContinuous(1, 1000);
20000978:	f04f 0001 	mov.w	r0, #1
2000097c:	f44f 717a 	mov.w	r1, #1000	; 0x3e8
20000980:	f7ff fee6 	bl	20000750 <startTimerContinuous>
	startTimerContinuous(0, 2000);
20000984:	f04f 0000 	mov.w	r0, #0
20000988:	f44f 61fa 	mov.w	r1, #2000	; 0x7d0
2000098c:	f7ff fee0 	bl	20000750 <startTimerContinuous>

	start_hardware_timer();
20000990:	f7ff fe5c 	bl	2000064c <start_hardware_timer>

	while(1);
20000994:	e7fe      	b.n	20000994 <main+0x2c>
20000996:	bf00      	nop

20000998 <MSS_GPIO_set_outputs>:
static __INLINE void
MSS_GPIO_set_outputs
(
   uint32_t value
)
{
20000998:	b480      	push	{r7}
2000099a:	b083      	sub	sp, #12
2000099c:	af00      	add	r7, sp, #0
2000099e:	6078      	str	r0, [r7, #4]
    GPIO->GPIO_OUT = value;
200009a0:	f243 0300 	movw	r3, #12288	; 0x3000
200009a4:	f2c4 0301 	movt	r3, #16385	; 0x4001
200009a8:	687a      	ldr	r2, [r7, #4]
200009aa:	f8c3 2088 	str.w	r2, [r3, #136]	; 0x88
}
200009ae:	f107 070c 	add.w	r7, r7, #12
200009b2:	46bd      	mov	sp, r7
200009b4:	bc80      	pop	{r7}
200009b6:	4770      	bx	lr

200009b8 <stepper_config>:
 *      Author: rishgoel
 */
#include "stepper.h"
#include "mss_gpio.h"

void stepper_config(int mode1, int mode2){
200009b8:	b580      	push	{r7, lr}
200009ba:	b082      	sub	sp, #8
200009bc:	af00      	add	r7, sp, #0
200009be:	6078      	str	r0, [r7, #4]
200009c0:	6039      	str	r1, [r7, #0]
	MSS_GPIO_set_outputs(mode1 | (mode2<<3));
200009c2:	683b      	ldr	r3, [r7, #0]
200009c4:	ea4f 02c3 	mov.w	r2, r3, lsl #3
200009c8:	687b      	ldr	r3, [r7, #4]
200009ca:	ea42 0303 	orr.w	r3, r2, r3
200009ce:	4618      	mov	r0, r3
200009d0:	f7ff ffe2 	bl	20000998 <MSS_GPIO_set_outputs>
}
200009d4:	f107 0708 	add.w	r7, r7, #8
200009d8:	46bd      	mov	sp, r7
200009da:	bd80      	pop	{r7, pc}

200009dc <step>:

void step(int dir1, int dir2){
200009dc:	b480      	push	{r7}
200009de:	b085      	sub	sp, #20
200009e0:	af00      	add	r7, sp, #0
200009e2:	6078      	str	r0, [r7, #4]
200009e4:	6039      	str	r1, [r7, #0]
	int data = 0;
200009e6:	f04f 0300 	mov.w	r3, #0
200009ea:	60fb      	str	r3, [r7, #12]

	if(dir1){
200009ec:	687b      	ldr	r3, [r7, #4]
200009ee:	2b00      	cmp	r3, #0
200009f0:	d008      	beq.n	20000a04 <step+0x28>
		data |= ((1<<2) | (dir1-1));
200009f2:	687b      	ldr	r3, [r7, #4]
200009f4:	f103 33ff 	add.w	r3, r3, #4294967295
200009f8:	f043 0304 	orr.w	r3, r3, #4
200009fc:	68fa      	ldr	r2, [r7, #12]
200009fe:	ea42 0303 	orr.w	r3, r2, r3
20000a02:	60fb      	str	r3, [r7, #12]
	}
	if(dir2){
20000a04:	683b      	ldr	r3, [r7, #0]
20000a06:	2b00      	cmp	r3, #0
20000a08:	d00a      	beq.n	20000a20 <step+0x44>
		data |= ((1<<3)| ((dir2-1)<<1));
20000a0a:	683b      	ldr	r3, [r7, #0]
20000a0c:	f103 33ff 	add.w	r3, r3, #4294967295
20000a10:	ea4f 0343 	mov.w	r3, r3, lsl #1
20000a14:	f043 0308 	orr.w	r3, r3, #8
20000a18:	68fa      	ldr	r2, [r7, #12]
20000a1a:	ea42 0303 	orr.w	r3, r2, r3
20000a1e:	60fb      	str	r3, [r7, #12]
	}
	*PADDR = data;
20000a20:	f240 0300 	movw	r3, #0
20000a24:	f2c4 0305 	movt	r3, #16389	; 0x4005
20000a28:	68fa      	ldr	r2, [r7, #12]
20000a2a:	601a      	str	r2, [r3, #0]
}
20000a2c:	f107 0714 	add.w	r7, r7, #20
20000a30:	46bd      	mov	sp, r7
20000a32:	bc80      	pop	{r7}
20000a34:	4770      	bx	lr
20000a36:	bf00      	nop

20000a38 <_exit>:
{
	/* Should we force a system reset? */
	while( 1 )
	{
		;
	}
20000a38:	b480      	push	{r7}
20000a3a:	b083      	sub	sp, #12
20000a3c:	af00      	add	r7, sp, #0
20000a3e:	6078      	str	r0, [r7, #4]
20000a40:	e7fe      	b.n	20000a40 <_exit+0x8>
20000a42:	bf00      	nop

20000a44 <_write_r>:
 * all files, including stdout—so if you need to generate any output, for
 * example to a serial port for debugging, you should make your minimal write
 * capable of doing this.
 */
int _write_r( void * reent, int file, char * ptr, int len )
{
20000a44:	b480      	push	{r7}
20000a46:	b085      	sub	sp, #20
20000a48:	af00      	add	r7, sp, #0
20000a4a:	60f8      	str	r0, [r7, #12]
20000a4c:	60b9      	str	r1, [r7, #8]
20000a4e:	607a      	str	r2, [r7, #4]
20000a50:	603b      	str	r3, [r7, #0]
     */
    MSS_UART_polled_tx( &g_mss_uart0, (uint8_t *)ptr, len );
    
    return len;
#else   /* ACTEL_STDIO_THRU_UART */
    return 0;
20000a52:	f04f 0300 	mov.w	r3, #0
#endif  /* ACTEL_STDIO_THRU_UART */
}
20000a56:	4618      	mov	r0, r3
20000a58:	f107 0714 	add.w	r7, r7, #20
20000a5c:	46bd      	mov	sp, r7
20000a5e:	bc80      	pop	{r7}
20000a60:	4770      	bx	lr
20000a62:	bf00      	nop

20000a64 <_sbrk>:
 * it is useful to have a working implementation. The following suffices for a
 * standalone system; it exploits the symbol _end automatically defined by the
 * GNU linker. 
 */
caddr_t _sbrk(int incr)
{
20000a64:	b580      	push	{r7, lr}
20000a66:	b084      	sub	sp, #16
20000a68:	af00      	add	r7, sp, #0
20000a6a:	6078      	str	r0, [r7, #4]
    extern char _end;		/* Defined by the linker */
    static char *heap_end;
    char *prev_heap_end;
    char * stack_ptr;
    
    if (heap_end == 0)
20000a6c:	f641 1308 	movw	r3, #6408	; 0x1908
20000a70:	f2c2 0300 	movt	r3, #8192	; 0x2000
20000a74:	681b      	ldr	r3, [r3, #0]
20000a76:	2b00      	cmp	r3, #0
20000a78:	d108      	bne.n	20000a8c <_sbrk+0x28>
    {
      heap_end = &_end;
20000a7a:	f641 1308 	movw	r3, #6408	; 0x1908
20000a7e:	f2c2 0300 	movt	r3, #8192	; 0x2000
20000a82:	f641 1248 	movw	r2, #6472	; 0x1948
20000a86:	f2c2 0200 	movt	r2, #8192	; 0x2000
20000a8a:	601a      	str	r2, [r3, #0]
    }
    
    prev_heap_end = heap_end;
20000a8c:	f641 1308 	movw	r3, #6408	; 0x1908
20000a90:	f2c2 0300 	movt	r3, #8192	; 0x2000
20000a94:	681b      	ldr	r3, [r3, #0]
20000a96:	60bb      	str	r3, [r7, #8]
    asm volatile ("MRS %0, msp" : "=r" (stack_ptr) );
20000a98:	f3ef 8308 	mrs	r3, MSP
20000a9c:	60fb      	str	r3, [r7, #12]
    if (heap_end + incr > stack_ptr)
20000a9e:	f641 1308 	movw	r3, #6408	; 0x1908
20000aa2:	f2c2 0300 	movt	r3, #8192	; 0x2000
20000aa6:	681a      	ldr	r2, [r3, #0]
20000aa8:	687b      	ldr	r3, [r7, #4]
20000aaa:	441a      	add	r2, r3
20000aac:	68fb      	ldr	r3, [r7, #12]
20000aae:	429a      	cmp	r2, r3
20000ab0:	d90f      	bls.n	20000ad2 <_sbrk+0x6e>
    {
      _write_r ((void *)0, 1, "Heap and stack collision\n", 25);
20000ab2:	f04f 0000 	mov.w	r0, #0
20000ab6:	f04f 0101 	mov.w	r1, #1
20000aba:	f241 32b0 	movw	r2, #5040	; 0x13b0
20000abe:	f2c2 0200 	movt	r2, #8192	; 0x2000
20000ac2:	f04f 0319 	mov.w	r3, #25
20000ac6:	f7ff ffbd 	bl	20000a44 <_write_r>
      _exit (1);
20000aca:	f04f 0001 	mov.w	r0, #1
20000ace:	f7ff ffb3 	bl	20000a38 <_exit>
    }
  
    heap_end += incr;
20000ad2:	f641 1308 	movw	r3, #6408	; 0x1908
20000ad6:	f2c2 0300 	movt	r3, #8192	; 0x2000
20000ada:	681a      	ldr	r2, [r3, #0]
20000adc:	687b      	ldr	r3, [r7, #4]
20000ade:	441a      	add	r2, r3
20000ae0:	f641 1308 	movw	r3, #6408	; 0x1908
20000ae4:	f2c2 0300 	movt	r3, #8192	; 0x2000
20000ae8:	601a      	str	r2, [r3, #0]
    return (caddr_t) prev_heap_end;
20000aea:	68bb      	ldr	r3, [r7, #8]
}
20000aec:	4618      	mov	r0, r3
20000aee:	f107 0710 	add.w	r7, r7, #16
20000af2:	46bd      	mov	sp, r7
20000af4:	bd80      	pop	{r7, pc}
20000af6:	bf00      	nop

20000af8 <SystemInit>:

/***************************************************************************//**
 * See system_a2fxxxm3f.h for details.
 */
void SystemInit(void)
{
20000af8:	b480      	push	{r7}
20000afa:	af00      	add	r7, sp, #0
    /*
     * Do not make use of global variables or make any asumptions regarding
     * memory content if modifying this function. The memory content has not been
     * initialised by the time this function is called by the start-up code.
     */
}
20000afc:	46bd      	mov	sp, r7
20000afe:	bc80      	pop	{r7}
20000b00:	4770      	bx	lr
20000b02:	bf00      	nop

20000b04 <__libc_init_array>:
20000b04:	b570      	push	{r4, r5, r6, lr}
20000b06:	f241 36e8 	movw	r6, #5096	; 0x13e8
20000b0a:	f241 35e8 	movw	r5, #5096	; 0x13e8
20000b0e:	f2c2 0600 	movt	r6, #8192	; 0x2000
20000b12:	f2c2 0500 	movt	r5, #8192	; 0x2000
20000b16:	1b76      	subs	r6, r6, r5
20000b18:	10b6      	asrs	r6, r6, #2
20000b1a:	d006      	beq.n	20000b2a <__libc_init_array+0x26>
20000b1c:	2400      	movs	r4, #0
20000b1e:	f855 3024 	ldr.w	r3, [r5, r4, lsl #2]
20000b22:	3401      	adds	r4, #1
20000b24:	4798      	blx	r3
20000b26:	42a6      	cmp	r6, r4
20000b28:	d8f9      	bhi.n	20000b1e <__libc_init_array+0x1a>
20000b2a:	f241 35e8 	movw	r5, #5096	; 0x13e8
20000b2e:	f241 36ec 	movw	r6, #5100	; 0x13ec
20000b32:	f2c2 0500 	movt	r5, #8192	; 0x2000
20000b36:	f2c2 0600 	movt	r6, #8192	; 0x2000
20000b3a:	1b76      	subs	r6, r6, r5
20000b3c:	f000 fc48 	bl	200013d0 <_init>
20000b40:	10b6      	asrs	r6, r6, #2
20000b42:	d006      	beq.n	20000b52 <__libc_init_array+0x4e>
20000b44:	2400      	movs	r4, #0
20000b46:	f855 3024 	ldr.w	r3, [r5, r4, lsl #2]
20000b4a:	3401      	adds	r4, #1
20000b4c:	4798      	blx	r3
20000b4e:	42a6      	cmp	r6, r4
20000b50:	d8f9      	bhi.n	20000b46 <__libc_init_array+0x42>
20000b52:	bd70      	pop	{r4, r5, r6, pc}

20000b54 <free>:
20000b54:	f241 33fc 	movw	r3, #5116	; 0x13fc
20000b58:	4601      	mov	r1, r0
20000b5a:	f2c2 0300 	movt	r3, #8192	; 0x2000
20000b5e:	6818      	ldr	r0, [r3, #0]
20000b60:	f000 bb46 	b.w	200011f0 <_free_r>

20000b64 <malloc>:
20000b64:	f241 33fc 	movw	r3, #5116	; 0x13fc
20000b68:	4601      	mov	r1, r0
20000b6a:	f2c2 0300 	movt	r3, #8192	; 0x2000
20000b6e:	6818      	ldr	r0, [r3, #0]
20000b70:	f000 b800 	b.w	20000b74 <_malloc_r>

20000b74 <_malloc_r>:
20000b74:	e92d 4ff0 	stmdb	sp!, {r4, r5, r6, r7, r8, r9, sl, fp, lr}
20000b78:	f101 040b 	add.w	r4, r1, #11
20000b7c:	2c16      	cmp	r4, #22
20000b7e:	b083      	sub	sp, #12
20000b80:	4606      	mov	r6, r0
20000b82:	d82f      	bhi.n	20000be4 <_malloc_r+0x70>
20000b84:	2300      	movs	r3, #0
20000b86:	2410      	movs	r4, #16
20000b88:	428c      	cmp	r4, r1
20000b8a:	bf2c      	ite	cs
20000b8c:	4619      	movcs	r1, r3
20000b8e:	f043 0101 	orrcc.w	r1, r3, #1
20000b92:	2900      	cmp	r1, #0
20000b94:	d130      	bne.n	20000bf8 <_malloc_r+0x84>
20000b96:	4630      	mov	r0, r6
20000b98:	f000 fabe 	bl	20001118 <__malloc_lock>
20000b9c:	f5b4 7ffc 	cmp.w	r4, #504	; 0x1f8
20000ba0:	d22e      	bcs.n	20000c00 <_malloc_r+0x8c>
20000ba2:	ea4f 0ed4 	mov.w	lr, r4, lsr #3
20000ba6:	f241 45f0 	movw	r5, #5360	; 0x14f0
20000baa:	f2c2 0500 	movt	r5, #8192	; 0x2000
20000bae:	eb05 02ce 	add.w	r2, r5, lr, lsl #3
20000bb2:	68d3      	ldr	r3, [r2, #12]
20000bb4:	4293      	cmp	r3, r2
20000bb6:	f000 8206 	beq.w	20000fc6 <_malloc_r+0x452>
20000bba:	685a      	ldr	r2, [r3, #4]
20000bbc:	f103 0508 	add.w	r5, r3, #8
20000bc0:	68d9      	ldr	r1, [r3, #12]
20000bc2:	4630      	mov	r0, r6
20000bc4:	f022 0c03 	bic.w	ip, r2, #3
20000bc8:	689a      	ldr	r2, [r3, #8]
20000bca:	4463      	add	r3, ip
20000bcc:	685c      	ldr	r4, [r3, #4]
20000bce:	608a      	str	r2, [r1, #8]
20000bd0:	f044 0401 	orr.w	r4, r4, #1
20000bd4:	60d1      	str	r1, [r2, #12]
20000bd6:	605c      	str	r4, [r3, #4]
20000bd8:	f000 faa0 	bl	2000111c <__malloc_unlock>
20000bdc:	4628      	mov	r0, r5
20000bde:	b003      	add	sp, #12
20000be0:	e8bd 8ff0 	ldmia.w	sp!, {r4, r5, r6, r7, r8, r9, sl, fp, pc}
20000be4:	f024 0407 	bic.w	r4, r4, #7
20000be8:	0fe3      	lsrs	r3, r4, #31
20000bea:	428c      	cmp	r4, r1
20000bec:	bf2c      	ite	cs
20000bee:	4619      	movcs	r1, r3
20000bf0:	f043 0101 	orrcc.w	r1, r3, #1
20000bf4:	2900      	cmp	r1, #0
20000bf6:	d0ce      	beq.n	20000b96 <_malloc_r+0x22>
20000bf8:	230c      	movs	r3, #12
20000bfa:	2500      	movs	r5, #0
20000bfc:	6033      	str	r3, [r6, #0]
20000bfe:	e7ed      	b.n	20000bdc <_malloc_r+0x68>
20000c00:	ea5f 2e54 	movs.w	lr, r4, lsr #9
20000c04:	bf04      	itt	eq
20000c06:	ea4f 0ed4 	moveq.w	lr, r4, lsr #3
20000c0a:	ea4f 00ce 	moveq.w	r0, lr, lsl #3
20000c0e:	f040 8090 	bne.w	20000d32 <_malloc_r+0x1be>
20000c12:	f241 45f0 	movw	r5, #5360	; 0x14f0
20000c16:	f2c2 0500 	movt	r5, #8192	; 0x2000
20000c1a:	1828      	adds	r0, r5, r0
20000c1c:	68c3      	ldr	r3, [r0, #12]
20000c1e:	4298      	cmp	r0, r3
20000c20:	d106      	bne.n	20000c30 <_malloc_r+0xbc>
20000c22:	e00d      	b.n	20000c40 <_malloc_r+0xcc>
20000c24:	2a00      	cmp	r2, #0
20000c26:	f280 816f 	bge.w	20000f08 <_malloc_r+0x394>
20000c2a:	68db      	ldr	r3, [r3, #12]
20000c2c:	4298      	cmp	r0, r3
20000c2e:	d007      	beq.n	20000c40 <_malloc_r+0xcc>
20000c30:	6859      	ldr	r1, [r3, #4]
20000c32:	f021 0103 	bic.w	r1, r1, #3
20000c36:	1b0a      	subs	r2, r1, r4
20000c38:	2a0f      	cmp	r2, #15
20000c3a:	ddf3      	ble.n	20000c24 <_malloc_r+0xb0>
20000c3c:	f10e 3eff 	add.w	lr, lr, #4294967295
20000c40:	f10e 0e01 	add.w	lr, lr, #1
20000c44:	f241 47f0 	movw	r7, #5360	; 0x14f0
20000c48:	f2c2 0700 	movt	r7, #8192	; 0x2000
20000c4c:	f107 0108 	add.w	r1, r7, #8
20000c50:	688b      	ldr	r3, [r1, #8]
20000c52:	4299      	cmp	r1, r3
20000c54:	bf08      	it	eq
20000c56:	687a      	ldreq	r2, [r7, #4]
20000c58:	d026      	beq.n	20000ca8 <_malloc_r+0x134>
20000c5a:	685a      	ldr	r2, [r3, #4]
20000c5c:	f022 0c03 	bic.w	ip, r2, #3
20000c60:	ebc4 020c 	rsb	r2, r4, ip
20000c64:	2a0f      	cmp	r2, #15
20000c66:	f300 8194 	bgt.w	20000f92 <_malloc_r+0x41e>
20000c6a:	2a00      	cmp	r2, #0
20000c6c:	60c9      	str	r1, [r1, #12]
20000c6e:	6089      	str	r1, [r1, #8]
20000c70:	f280 8099 	bge.w	20000da6 <_malloc_r+0x232>
20000c74:	f5bc 7f00 	cmp.w	ip, #512	; 0x200
20000c78:	f080 8165 	bcs.w	20000f46 <_malloc_r+0x3d2>
20000c7c:	ea4f 0cdc 	mov.w	ip, ip, lsr #3
20000c80:	f04f 0a01 	mov.w	sl, #1
20000c84:	687a      	ldr	r2, [r7, #4]
20000c86:	eb07 00cc 	add.w	r0, r7, ip, lsl #3
20000c8a:	ea4f 0cac 	mov.w	ip, ip, asr #2
20000c8e:	fa0a fc0c 	lsl.w	ip, sl, ip
20000c92:	60d8      	str	r0, [r3, #12]
20000c94:	f8d0 8008 	ldr.w	r8, [r0, #8]
20000c98:	ea4c 0202 	orr.w	r2, ip, r2
20000c9c:	607a      	str	r2, [r7, #4]
20000c9e:	f8c3 8008 	str.w	r8, [r3, #8]
20000ca2:	f8c8 300c 	str.w	r3, [r8, #12]
20000ca6:	6083      	str	r3, [r0, #8]
20000ca8:	f04f 0c01 	mov.w	ip, #1
20000cac:	ea4f 03ae 	mov.w	r3, lr, asr #2
20000cb0:	fa0c fc03 	lsl.w	ip, ip, r3
20000cb4:	4594      	cmp	ip, r2
20000cb6:	f200 8082 	bhi.w	20000dbe <_malloc_r+0x24a>
20000cba:	ea12 0f0c 	tst.w	r2, ip
20000cbe:	d108      	bne.n	20000cd2 <_malloc_r+0x15e>
20000cc0:	f02e 0e03 	bic.w	lr, lr, #3
20000cc4:	ea4f 0c4c 	mov.w	ip, ip, lsl #1
20000cc8:	f10e 0e04 	add.w	lr, lr, #4
20000ccc:	ea12 0f0c 	tst.w	r2, ip
20000cd0:	d0f8      	beq.n	20000cc4 <_malloc_r+0x150>
20000cd2:	eb07 09ce 	add.w	r9, r7, lr, lsl #3
20000cd6:	46f2      	mov	sl, lr
20000cd8:	46c8      	mov	r8, r9
20000cda:	f8d8 300c 	ldr.w	r3, [r8, #12]
20000cde:	4598      	cmp	r8, r3
20000ce0:	d107      	bne.n	20000cf2 <_malloc_r+0x17e>
20000ce2:	e168      	b.n	20000fb6 <_malloc_r+0x442>
20000ce4:	2a00      	cmp	r2, #0
20000ce6:	f280 8178 	bge.w	20000fda <_malloc_r+0x466>
20000cea:	68db      	ldr	r3, [r3, #12]
20000cec:	4598      	cmp	r8, r3
20000cee:	f000 8162 	beq.w	20000fb6 <_malloc_r+0x442>
20000cf2:	6858      	ldr	r0, [r3, #4]
20000cf4:	f020 0003 	bic.w	r0, r0, #3
20000cf8:	1b02      	subs	r2, r0, r4
20000cfa:	2a0f      	cmp	r2, #15
20000cfc:	ddf2      	ble.n	20000ce4 <_malloc_r+0x170>
20000cfe:	461d      	mov	r5, r3
20000d00:	191f      	adds	r7, r3, r4
20000d02:	f8d3 c00c 	ldr.w	ip, [r3, #12]
20000d06:	f044 0e01 	orr.w	lr, r4, #1
20000d0a:	f855 4f08 	ldr.w	r4, [r5, #8]!
20000d0e:	4630      	mov	r0, r6
20000d10:	50ba      	str	r2, [r7, r2]
20000d12:	f042 0201 	orr.w	r2, r2, #1
20000d16:	f8c3 e004 	str.w	lr, [r3, #4]
20000d1a:	f8cc 4008 	str.w	r4, [ip, #8]
20000d1e:	f8c4 c00c 	str.w	ip, [r4, #12]
20000d22:	608f      	str	r7, [r1, #8]
20000d24:	60cf      	str	r7, [r1, #12]
20000d26:	607a      	str	r2, [r7, #4]
20000d28:	60b9      	str	r1, [r7, #8]
20000d2a:	60f9      	str	r1, [r7, #12]
20000d2c:	f000 f9f6 	bl	2000111c <__malloc_unlock>
20000d30:	e754      	b.n	20000bdc <_malloc_r+0x68>
20000d32:	f1be 0f04 	cmp.w	lr, #4
20000d36:	bf9e      	ittt	ls
20000d38:	ea4f 1e94 	movls.w	lr, r4, lsr #6
20000d3c:	f10e 0e38 	addls.w	lr, lr, #56	; 0x38
20000d40:	ea4f 00ce 	movls.w	r0, lr, lsl #3
20000d44:	f67f af65 	bls.w	20000c12 <_malloc_r+0x9e>
20000d48:	f1be 0f14 	cmp.w	lr, #20
20000d4c:	bf9c      	itt	ls
20000d4e:	f10e 0e5b 	addls.w	lr, lr, #91	; 0x5b
20000d52:	ea4f 00ce 	movls.w	r0, lr, lsl #3
20000d56:	f67f af5c 	bls.w	20000c12 <_malloc_r+0x9e>
20000d5a:	f1be 0f54 	cmp.w	lr, #84	; 0x54
20000d5e:	bf9e      	ittt	ls
20000d60:	ea4f 3e14 	movls.w	lr, r4, lsr #12
20000d64:	f10e 0e6e 	addls.w	lr, lr, #110	; 0x6e
20000d68:	ea4f 00ce 	movls.w	r0, lr, lsl #3
20000d6c:	f67f af51 	bls.w	20000c12 <_malloc_r+0x9e>
20000d70:	f5be 7faa 	cmp.w	lr, #340	; 0x154
20000d74:	bf9e      	ittt	ls
20000d76:	ea4f 3ed4 	movls.w	lr, r4, lsr #15
20000d7a:	f10e 0e77 	addls.w	lr, lr, #119	; 0x77
20000d7e:	ea4f 00ce 	movls.w	r0, lr, lsl #3
20000d82:	f67f af46 	bls.w	20000c12 <_malloc_r+0x9e>
20000d86:	f240 5354 	movw	r3, #1364	; 0x554
20000d8a:	459e      	cmp	lr, r3
20000d8c:	bf95      	itete	ls
20000d8e:	ea4f 4e94 	movls.w	lr, r4, lsr #18
20000d92:	f44f 707c 	movhi.w	r0, #1008	; 0x3f0
20000d96:	f10e 0e7c 	addls.w	lr, lr, #124	; 0x7c
20000d9a:	f04f 0e7e 	movhi.w	lr, #126	; 0x7e
20000d9e:	bf98      	it	ls
20000da0:	ea4f 00ce 	movls.w	r0, lr, lsl #3
20000da4:	e735      	b.n	20000c12 <_malloc_r+0x9e>
20000da6:	eb03 020c 	add.w	r2, r3, ip
20000daa:	f103 0508 	add.w	r5, r3, #8
20000dae:	4630      	mov	r0, r6
20000db0:	6853      	ldr	r3, [r2, #4]
20000db2:	f043 0301 	orr.w	r3, r3, #1
20000db6:	6053      	str	r3, [r2, #4]
20000db8:	f000 f9b0 	bl	2000111c <__malloc_unlock>
20000dbc:	e70e      	b.n	20000bdc <_malloc_r+0x68>
20000dbe:	f8d7 8008 	ldr.w	r8, [r7, #8]
20000dc2:	f8d8 3004 	ldr.w	r3, [r8, #4]
20000dc6:	f023 0903 	bic.w	r9, r3, #3
20000dca:	ebc4 0209 	rsb	r2, r4, r9
20000dce:	454c      	cmp	r4, r9
20000dd0:	bf94      	ite	ls
20000dd2:	2300      	movls	r3, #0
20000dd4:	2301      	movhi	r3, #1
20000dd6:	2a0f      	cmp	r2, #15
20000dd8:	bfd8      	it	le
20000dda:	f043 0301 	orrle.w	r3, r3, #1
20000dde:	2b00      	cmp	r3, #0
20000de0:	f000 80a1 	beq.w	20000f26 <_malloc_r+0x3b2>
20000de4:	f641 1b0c 	movw	fp, #6412	; 0x190c
20000de8:	f8d5 2408 	ldr.w	r2, [r5, #1032]	; 0x408
20000dec:	f2c2 0b00 	movt	fp, #8192	; 0x2000
20000df0:	f8db 3000 	ldr.w	r3, [fp]
20000df4:	3310      	adds	r3, #16
20000df6:	191b      	adds	r3, r3, r4
20000df8:	f1b2 3fff 	cmp.w	r2, #4294967295
20000dfc:	d006      	beq.n	20000e0c <_malloc_r+0x298>
20000dfe:	f503 637e 	add.w	r3, r3, #4064	; 0xfe0
20000e02:	331f      	adds	r3, #31
20000e04:	f423 637e 	bic.w	r3, r3, #4064	; 0xfe0
20000e08:	f023 031f 	bic.w	r3, r3, #31
20000e0c:	4619      	mov	r1, r3
20000e0e:	4630      	mov	r0, r6
20000e10:	9301      	str	r3, [sp, #4]
20000e12:	f000 f985 	bl	20001120 <_sbrk_r>
20000e16:	9b01      	ldr	r3, [sp, #4]
20000e18:	f1b0 3fff 	cmp.w	r0, #4294967295
20000e1c:	4682      	mov	sl, r0
20000e1e:	f000 80f4 	beq.w	2000100a <_malloc_r+0x496>
20000e22:	eb08 0109 	add.w	r1, r8, r9
20000e26:	4281      	cmp	r1, r0
20000e28:	f200 80ec 	bhi.w	20001004 <_malloc_r+0x490>
20000e2c:	f8db 2004 	ldr.w	r2, [fp, #4]
20000e30:	189a      	adds	r2, r3, r2
20000e32:	4551      	cmp	r1, sl
20000e34:	f8cb 2004 	str.w	r2, [fp, #4]
20000e38:	f000 8145 	beq.w	200010c6 <_malloc_r+0x552>
20000e3c:	f8d5 5408 	ldr.w	r5, [r5, #1032]	; 0x408
20000e40:	f241 40f0 	movw	r0, #5360	; 0x14f0
20000e44:	f2c2 0000 	movt	r0, #8192	; 0x2000
20000e48:	f1b5 3fff 	cmp.w	r5, #4294967295
20000e4c:	bf08      	it	eq
20000e4e:	f8c0 a408 	streq.w	sl, [r0, #1032]	; 0x408
20000e52:	d003      	beq.n	20000e5c <_malloc_r+0x2e8>
20000e54:	4452      	add	r2, sl
20000e56:	1a51      	subs	r1, r2, r1
20000e58:	f8cb 1004 	str.w	r1, [fp, #4]
20000e5c:	f01a 0507 	ands.w	r5, sl, #7
20000e60:	4630      	mov	r0, r6
20000e62:	bf17      	itett	ne
20000e64:	f1c5 0508 	rsbne	r5, r5, #8
20000e68:	f44f 5580 	moveq.w	r5, #4096	; 0x1000
20000e6c:	44aa      	addne	sl, r5
20000e6e:	f505 5580 	addne.w	r5, r5, #4096	; 0x1000
20000e72:	4453      	add	r3, sl
20000e74:	051b      	lsls	r3, r3, #20
20000e76:	0d1b      	lsrs	r3, r3, #20
20000e78:	1aed      	subs	r5, r5, r3
20000e7a:	4629      	mov	r1, r5
20000e7c:	f000 f950 	bl	20001120 <_sbrk_r>
20000e80:	f1b0 3fff 	cmp.w	r0, #4294967295
20000e84:	f000 812c 	beq.w	200010e0 <_malloc_r+0x56c>
20000e88:	ebca 0100 	rsb	r1, sl, r0
20000e8c:	1949      	adds	r1, r1, r5
20000e8e:	f041 0101 	orr.w	r1, r1, #1
20000e92:	f8db 2004 	ldr.w	r2, [fp, #4]
20000e96:	f641 130c 	movw	r3, #6412	; 0x190c
20000e9a:	f8c7 a008 	str.w	sl, [r7, #8]
20000e9e:	f2c2 0300 	movt	r3, #8192	; 0x2000
20000ea2:	18aa      	adds	r2, r5, r2
20000ea4:	45b8      	cmp	r8, r7
20000ea6:	f8cb 2004 	str.w	r2, [fp, #4]
20000eaa:	f8ca 1004 	str.w	r1, [sl, #4]
20000eae:	d017      	beq.n	20000ee0 <_malloc_r+0x36c>
20000eb0:	f1b9 0f0f 	cmp.w	r9, #15
20000eb4:	f240 80df 	bls.w	20001076 <_malloc_r+0x502>
20000eb8:	f1a9 010c 	sub.w	r1, r9, #12
20000ebc:	2505      	movs	r5, #5
20000ebe:	f021 0107 	bic.w	r1, r1, #7
20000ec2:	eb08 0001 	add.w	r0, r8, r1
20000ec6:	290f      	cmp	r1, #15
20000ec8:	6085      	str	r5, [r0, #8]
20000eca:	6045      	str	r5, [r0, #4]
20000ecc:	f8d8 0004 	ldr.w	r0, [r8, #4]
20000ed0:	f000 0001 	and.w	r0, r0, #1
20000ed4:	ea41 0000 	orr.w	r0, r1, r0
20000ed8:	f8c8 0004 	str.w	r0, [r8, #4]
20000edc:	f200 80ac 	bhi.w	20001038 <_malloc_r+0x4c4>
20000ee0:	46d0      	mov	r8, sl
20000ee2:	f641 130c 	movw	r3, #6412	; 0x190c
20000ee6:	f8db 102c 	ldr.w	r1, [fp, #44]	; 0x2c
20000eea:	f2c2 0300 	movt	r3, #8192	; 0x2000
20000eee:	428a      	cmp	r2, r1
20000ef0:	f8db 1030 	ldr.w	r1, [fp, #48]	; 0x30
20000ef4:	bf88      	it	hi
20000ef6:	62da      	strhi	r2, [r3, #44]	; 0x2c
20000ef8:	f641 130c 	movw	r3, #6412	; 0x190c
20000efc:	f2c2 0300 	movt	r3, #8192	; 0x2000
20000f00:	428a      	cmp	r2, r1
20000f02:	bf88      	it	hi
20000f04:	631a      	strhi	r2, [r3, #48]	; 0x30
20000f06:	e082      	b.n	2000100e <_malloc_r+0x49a>
20000f08:	185c      	adds	r4, r3, r1
20000f0a:	689a      	ldr	r2, [r3, #8]
20000f0c:	68d9      	ldr	r1, [r3, #12]
20000f0e:	4630      	mov	r0, r6
20000f10:	6866      	ldr	r6, [r4, #4]
20000f12:	f103 0508 	add.w	r5, r3, #8
20000f16:	608a      	str	r2, [r1, #8]
20000f18:	f046 0301 	orr.w	r3, r6, #1
20000f1c:	60d1      	str	r1, [r2, #12]
20000f1e:	6063      	str	r3, [r4, #4]
20000f20:	f000 f8fc 	bl	2000111c <__malloc_unlock>
20000f24:	e65a      	b.n	20000bdc <_malloc_r+0x68>
20000f26:	eb08 0304 	add.w	r3, r8, r4
20000f2a:	f042 0201 	orr.w	r2, r2, #1
20000f2e:	f044 0401 	orr.w	r4, r4, #1
20000f32:	4630      	mov	r0, r6
20000f34:	f8c8 4004 	str.w	r4, [r8, #4]
20000f38:	f108 0508 	add.w	r5, r8, #8
20000f3c:	605a      	str	r2, [r3, #4]
20000f3e:	60bb      	str	r3, [r7, #8]
20000f40:	f000 f8ec 	bl	2000111c <__malloc_unlock>
20000f44:	e64a      	b.n	20000bdc <_malloc_r+0x68>
20000f46:	ea4f 225c 	mov.w	r2, ip, lsr #9
20000f4a:	2a04      	cmp	r2, #4
20000f4c:	d954      	bls.n	20000ff8 <_malloc_r+0x484>
20000f4e:	2a14      	cmp	r2, #20
20000f50:	f200 8089 	bhi.w	20001066 <_malloc_r+0x4f2>
20000f54:	325b      	adds	r2, #91	; 0x5b
20000f56:	ea4f 08c2 	mov.w	r8, r2, lsl #3
20000f5a:	44a8      	add	r8, r5
20000f5c:	f241 47f0 	movw	r7, #5360	; 0x14f0
20000f60:	f2c2 0700 	movt	r7, #8192	; 0x2000
20000f64:	f8d8 0008 	ldr.w	r0, [r8, #8]
20000f68:	4540      	cmp	r0, r8
20000f6a:	d103      	bne.n	20000f74 <_malloc_r+0x400>
20000f6c:	e06f      	b.n	2000104e <_malloc_r+0x4da>
20000f6e:	6880      	ldr	r0, [r0, #8]
20000f70:	4580      	cmp	r8, r0
20000f72:	d004      	beq.n	20000f7e <_malloc_r+0x40a>
20000f74:	6842      	ldr	r2, [r0, #4]
20000f76:	f022 0203 	bic.w	r2, r2, #3
20000f7a:	4594      	cmp	ip, r2
20000f7c:	d3f7      	bcc.n	20000f6e <_malloc_r+0x3fa>
20000f7e:	f8d0 c00c 	ldr.w	ip, [r0, #12]
20000f82:	f8c3 c00c 	str.w	ip, [r3, #12]
20000f86:	6098      	str	r0, [r3, #8]
20000f88:	687a      	ldr	r2, [r7, #4]
20000f8a:	60c3      	str	r3, [r0, #12]
20000f8c:	f8cc 3008 	str.w	r3, [ip, #8]
20000f90:	e68a      	b.n	20000ca8 <_malloc_r+0x134>
20000f92:	191f      	adds	r7, r3, r4
20000f94:	4630      	mov	r0, r6
20000f96:	f044 0401 	orr.w	r4, r4, #1
20000f9a:	60cf      	str	r7, [r1, #12]
20000f9c:	605c      	str	r4, [r3, #4]
20000f9e:	f103 0508 	add.w	r5, r3, #8
20000fa2:	50ba      	str	r2, [r7, r2]
20000fa4:	f042 0201 	orr.w	r2, r2, #1
20000fa8:	608f      	str	r7, [r1, #8]
20000faa:	607a      	str	r2, [r7, #4]
20000fac:	60b9      	str	r1, [r7, #8]
20000fae:	60f9      	str	r1, [r7, #12]
20000fb0:	f000 f8b4 	bl	2000111c <__malloc_unlock>
20000fb4:	e612      	b.n	20000bdc <_malloc_r+0x68>
20000fb6:	f10a 0a01 	add.w	sl, sl, #1
20000fba:	f01a 0f03 	tst.w	sl, #3
20000fbe:	d05f      	beq.n	20001080 <_malloc_r+0x50c>
20000fc0:	f103 0808 	add.w	r8, r3, #8
20000fc4:	e689      	b.n	20000cda <_malloc_r+0x166>
20000fc6:	f103 0208 	add.w	r2, r3, #8
20000fca:	68d3      	ldr	r3, [r2, #12]
20000fcc:	429a      	cmp	r2, r3
20000fce:	bf08      	it	eq
20000fd0:	f10e 0e02 	addeq.w	lr, lr, #2
20000fd4:	f43f ae36 	beq.w	20000c44 <_malloc_r+0xd0>
20000fd8:	e5ef      	b.n	20000bba <_malloc_r+0x46>
20000fda:	461d      	mov	r5, r3
20000fdc:	1819      	adds	r1, r3, r0
20000fde:	68da      	ldr	r2, [r3, #12]
20000fe0:	4630      	mov	r0, r6
20000fe2:	f855 3f08 	ldr.w	r3, [r5, #8]!
20000fe6:	684c      	ldr	r4, [r1, #4]
20000fe8:	6093      	str	r3, [r2, #8]
20000fea:	f044 0401 	orr.w	r4, r4, #1
20000fee:	60da      	str	r2, [r3, #12]
20000ff0:	604c      	str	r4, [r1, #4]
20000ff2:	f000 f893 	bl	2000111c <__malloc_unlock>
20000ff6:	e5f1      	b.n	20000bdc <_malloc_r+0x68>
20000ff8:	ea4f 129c 	mov.w	r2, ip, lsr #6
20000ffc:	3238      	adds	r2, #56	; 0x38
20000ffe:	ea4f 08c2 	mov.w	r8, r2, lsl #3
20001002:	e7aa      	b.n	20000f5a <_malloc_r+0x3e6>
20001004:	45b8      	cmp	r8, r7
20001006:	f43f af11 	beq.w	20000e2c <_malloc_r+0x2b8>
2000100a:	f8d7 8008 	ldr.w	r8, [r7, #8]
2000100e:	f8d8 2004 	ldr.w	r2, [r8, #4]
20001012:	f022 0203 	bic.w	r2, r2, #3
20001016:	4294      	cmp	r4, r2
20001018:	bf94      	ite	ls
2000101a:	2300      	movls	r3, #0
2000101c:	2301      	movhi	r3, #1
2000101e:	1b12      	subs	r2, r2, r4
20001020:	2a0f      	cmp	r2, #15
20001022:	bfd8      	it	le
20001024:	f043 0301 	orrle.w	r3, r3, #1
20001028:	2b00      	cmp	r3, #0
2000102a:	f43f af7c 	beq.w	20000f26 <_malloc_r+0x3b2>
2000102e:	4630      	mov	r0, r6
20001030:	2500      	movs	r5, #0
20001032:	f000 f873 	bl	2000111c <__malloc_unlock>
20001036:	e5d1      	b.n	20000bdc <_malloc_r+0x68>
20001038:	f108 0108 	add.w	r1, r8, #8
2000103c:	4630      	mov	r0, r6
2000103e:	9301      	str	r3, [sp, #4]
20001040:	f000 f8d6 	bl	200011f0 <_free_r>
20001044:	9b01      	ldr	r3, [sp, #4]
20001046:	f8d7 8008 	ldr.w	r8, [r7, #8]
2000104a:	685a      	ldr	r2, [r3, #4]
2000104c:	e749      	b.n	20000ee2 <_malloc_r+0x36e>
2000104e:	f04f 0a01 	mov.w	sl, #1
20001052:	f8d7 8004 	ldr.w	r8, [r7, #4]
20001056:	1092      	asrs	r2, r2, #2
20001058:	4684      	mov	ip, r0
2000105a:	fa0a f202 	lsl.w	r2, sl, r2
2000105e:	ea48 0202 	orr.w	r2, r8, r2
20001062:	607a      	str	r2, [r7, #4]
20001064:	e78d      	b.n	20000f82 <_malloc_r+0x40e>
20001066:	2a54      	cmp	r2, #84	; 0x54
20001068:	d824      	bhi.n	200010b4 <_malloc_r+0x540>
2000106a:	ea4f 321c 	mov.w	r2, ip, lsr #12
2000106e:	326e      	adds	r2, #110	; 0x6e
20001070:	ea4f 08c2 	mov.w	r8, r2, lsl #3
20001074:	e771      	b.n	20000f5a <_malloc_r+0x3e6>
20001076:	2301      	movs	r3, #1
20001078:	46d0      	mov	r8, sl
2000107a:	f8ca 3004 	str.w	r3, [sl, #4]
2000107e:	e7c6      	b.n	2000100e <_malloc_r+0x49a>
20001080:	464a      	mov	r2, r9
20001082:	f01e 0f03 	tst.w	lr, #3
20001086:	4613      	mov	r3, r2
20001088:	f10e 3eff 	add.w	lr, lr, #4294967295
2000108c:	d033      	beq.n	200010f6 <_malloc_r+0x582>
2000108e:	f853 2908 	ldr.w	r2, [r3], #-8
20001092:	429a      	cmp	r2, r3
20001094:	d0f5      	beq.n	20001082 <_malloc_r+0x50e>
20001096:	687b      	ldr	r3, [r7, #4]
20001098:	ea4f 0c4c 	mov.w	ip, ip, lsl #1
2000109c:	459c      	cmp	ip, r3
2000109e:	f63f ae8e 	bhi.w	20000dbe <_malloc_r+0x24a>
200010a2:	f1bc 0f00 	cmp.w	ip, #0
200010a6:	f43f ae8a 	beq.w	20000dbe <_malloc_r+0x24a>
200010aa:	ea1c 0f03 	tst.w	ip, r3
200010ae:	d027      	beq.n	20001100 <_malloc_r+0x58c>
200010b0:	46d6      	mov	lr, sl
200010b2:	e60e      	b.n	20000cd2 <_malloc_r+0x15e>
200010b4:	f5b2 7faa 	cmp.w	r2, #340	; 0x154
200010b8:	d815      	bhi.n	200010e6 <_malloc_r+0x572>
200010ba:	ea4f 32dc 	mov.w	r2, ip, lsr #15
200010be:	3277      	adds	r2, #119	; 0x77
200010c0:	ea4f 08c2 	mov.w	r8, r2, lsl #3
200010c4:	e749      	b.n	20000f5a <_malloc_r+0x3e6>
200010c6:	0508      	lsls	r0, r1, #20
200010c8:	0d00      	lsrs	r0, r0, #20
200010ca:	2800      	cmp	r0, #0
200010cc:	f47f aeb6 	bne.w	20000e3c <_malloc_r+0x2c8>
200010d0:	f8d7 8008 	ldr.w	r8, [r7, #8]
200010d4:	444b      	add	r3, r9
200010d6:	f043 0301 	orr.w	r3, r3, #1
200010da:	f8c8 3004 	str.w	r3, [r8, #4]
200010de:	e700      	b.n	20000ee2 <_malloc_r+0x36e>
200010e0:	2101      	movs	r1, #1
200010e2:	2500      	movs	r5, #0
200010e4:	e6d5      	b.n	20000e92 <_malloc_r+0x31e>
200010e6:	f240 5054 	movw	r0, #1364	; 0x554
200010ea:	4282      	cmp	r2, r0
200010ec:	d90d      	bls.n	2000110a <_malloc_r+0x596>
200010ee:	f44f 787c 	mov.w	r8, #1008	; 0x3f0
200010f2:	227e      	movs	r2, #126	; 0x7e
200010f4:	e731      	b.n	20000f5a <_malloc_r+0x3e6>
200010f6:	687b      	ldr	r3, [r7, #4]
200010f8:	ea23 030c 	bic.w	r3, r3, ip
200010fc:	607b      	str	r3, [r7, #4]
200010fe:	e7cb      	b.n	20001098 <_malloc_r+0x524>
20001100:	ea4f 0c4c 	mov.w	ip, ip, lsl #1
20001104:	f10a 0a04 	add.w	sl, sl, #4
20001108:	e7cf      	b.n	200010aa <_malloc_r+0x536>
2000110a:	ea4f 429c 	mov.w	r2, ip, lsr #18
2000110e:	327c      	adds	r2, #124	; 0x7c
20001110:	ea4f 08c2 	mov.w	r8, r2, lsl #3
20001114:	e721      	b.n	20000f5a <_malloc_r+0x3e6>
20001116:	bf00      	nop

20001118 <__malloc_lock>:
20001118:	4770      	bx	lr
2000111a:	bf00      	nop

2000111c <__malloc_unlock>:
2000111c:	4770      	bx	lr
2000111e:	bf00      	nop

20001120 <_sbrk_r>:
20001120:	b538      	push	{r3, r4, r5, lr}
20001122:	f641 1440 	movw	r4, #6464	; 0x1940
20001126:	f2c2 0400 	movt	r4, #8192	; 0x2000
2000112a:	4605      	mov	r5, r0
2000112c:	4608      	mov	r0, r1
2000112e:	2300      	movs	r3, #0
20001130:	6023      	str	r3, [r4, #0]
20001132:	f7ff fc97 	bl	20000a64 <_sbrk>
20001136:	f1b0 3fff 	cmp.w	r0, #4294967295
2000113a:	d000      	beq.n	2000113e <_sbrk_r+0x1e>
2000113c:	bd38      	pop	{r3, r4, r5, pc}
2000113e:	6823      	ldr	r3, [r4, #0]
20001140:	2b00      	cmp	r3, #0
20001142:	d0fb      	beq.n	2000113c <_sbrk_r+0x1c>
20001144:	602b      	str	r3, [r5, #0]
20001146:	bd38      	pop	{r3, r4, r5, pc}

20001148 <_malloc_trim_r>:
20001148:	b5f8      	push	{r3, r4, r5, r6, r7, lr}
2000114a:	f241 44f0 	movw	r4, #5360	; 0x14f0
2000114e:	f2c2 0400 	movt	r4, #8192	; 0x2000
20001152:	460f      	mov	r7, r1
20001154:	4605      	mov	r5, r0
20001156:	f7ff ffdf 	bl	20001118 <__malloc_lock>
2000115a:	68a3      	ldr	r3, [r4, #8]
2000115c:	685e      	ldr	r6, [r3, #4]
2000115e:	f026 0603 	bic.w	r6, r6, #3
20001162:	f506 637e 	add.w	r3, r6, #4064	; 0xfe0
20001166:	330f      	adds	r3, #15
20001168:	1bdf      	subs	r7, r3, r7
2000116a:	0b3f      	lsrs	r7, r7, #12
2000116c:	3f01      	subs	r7, #1
2000116e:	033f      	lsls	r7, r7, #12
20001170:	f5b7 5f80 	cmp.w	r7, #4096	; 0x1000
20001174:	db07      	blt.n	20001186 <_malloc_trim_r+0x3e>
20001176:	2100      	movs	r1, #0
20001178:	4628      	mov	r0, r5
2000117a:	f7ff ffd1 	bl	20001120 <_sbrk_r>
2000117e:	68a3      	ldr	r3, [r4, #8]
20001180:	18f3      	adds	r3, r6, r3
20001182:	4283      	cmp	r3, r0
20001184:	d004      	beq.n	20001190 <_malloc_trim_r+0x48>
20001186:	4628      	mov	r0, r5
20001188:	f7ff ffc8 	bl	2000111c <__malloc_unlock>
2000118c:	2000      	movs	r0, #0
2000118e:	bdf8      	pop	{r3, r4, r5, r6, r7, pc}
20001190:	4279      	negs	r1, r7
20001192:	4628      	mov	r0, r5
20001194:	f7ff ffc4 	bl	20001120 <_sbrk_r>
20001198:	f1b0 3fff 	cmp.w	r0, #4294967295
2000119c:	d010      	beq.n	200011c0 <_malloc_trim_r+0x78>
2000119e:	68a2      	ldr	r2, [r4, #8]
200011a0:	f641 1310 	movw	r3, #6416	; 0x1910
200011a4:	f2c2 0300 	movt	r3, #8192	; 0x2000
200011a8:	1bf6      	subs	r6, r6, r7
200011aa:	f046 0601 	orr.w	r6, r6, #1
200011ae:	4628      	mov	r0, r5
200011b0:	6056      	str	r6, [r2, #4]
200011b2:	681a      	ldr	r2, [r3, #0]
200011b4:	1bd7      	subs	r7, r2, r7
200011b6:	601f      	str	r7, [r3, #0]
200011b8:	f7ff ffb0 	bl	2000111c <__malloc_unlock>
200011bc:	2001      	movs	r0, #1
200011be:	bdf8      	pop	{r3, r4, r5, r6, r7, pc}
200011c0:	2100      	movs	r1, #0
200011c2:	4628      	mov	r0, r5
200011c4:	f7ff ffac 	bl	20001120 <_sbrk_r>
200011c8:	68a3      	ldr	r3, [r4, #8]
200011ca:	1ac2      	subs	r2, r0, r3
200011cc:	2a0f      	cmp	r2, #15
200011ce:	ddda      	ble.n	20001186 <_malloc_trim_r+0x3e>
200011d0:	f641 04f8 	movw	r4, #6392	; 0x18f8
200011d4:	f641 1110 	movw	r1, #6416	; 0x1910
200011d8:	f2c2 0400 	movt	r4, #8192	; 0x2000
200011dc:	f2c2 0100 	movt	r1, #8192	; 0x2000
200011e0:	f042 0201 	orr.w	r2, r2, #1
200011e4:	6824      	ldr	r4, [r4, #0]
200011e6:	1b00      	subs	r0, r0, r4
200011e8:	6008      	str	r0, [r1, #0]
200011ea:	605a      	str	r2, [r3, #4]
200011ec:	e7cb      	b.n	20001186 <_malloc_trim_r+0x3e>
200011ee:	bf00      	nop

200011f0 <_free_r>:
200011f0:	e92d 41f0 	stmdb	sp!, {r4, r5, r6, r7, r8, lr}
200011f4:	4605      	mov	r5, r0
200011f6:	460c      	mov	r4, r1
200011f8:	2900      	cmp	r1, #0
200011fa:	f000 8088 	beq.w	2000130e <_free_r+0x11e>
200011fe:	f7ff ff8b 	bl	20001118 <__malloc_lock>
20001202:	f1a4 0208 	sub.w	r2, r4, #8
20001206:	f241 40f0 	movw	r0, #5360	; 0x14f0
2000120a:	6856      	ldr	r6, [r2, #4]
2000120c:	f2c2 0000 	movt	r0, #8192	; 0x2000
20001210:	f026 0301 	bic.w	r3, r6, #1
20001214:	f8d0 c008 	ldr.w	ip, [r0, #8]
20001218:	18d1      	adds	r1, r2, r3
2000121a:	458c      	cmp	ip, r1
2000121c:	684f      	ldr	r7, [r1, #4]
2000121e:	f027 0703 	bic.w	r7, r7, #3
20001222:	f000 8095 	beq.w	20001350 <_free_r+0x160>
20001226:	f016 0601 	ands.w	r6, r6, #1
2000122a:	604f      	str	r7, [r1, #4]
2000122c:	d05f      	beq.n	200012ee <_free_r+0xfe>
2000122e:	2600      	movs	r6, #0
20001230:	19cc      	adds	r4, r1, r7
20001232:	6864      	ldr	r4, [r4, #4]
20001234:	f014 0f01 	tst.w	r4, #1
20001238:	d106      	bne.n	20001248 <_free_r+0x58>
2000123a:	19db      	adds	r3, r3, r7
2000123c:	2e00      	cmp	r6, #0
2000123e:	d07a      	beq.n	20001336 <_free_r+0x146>
20001240:	688c      	ldr	r4, [r1, #8]
20001242:	68c9      	ldr	r1, [r1, #12]
20001244:	608c      	str	r4, [r1, #8]
20001246:	60e1      	str	r1, [r4, #12]
20001248:	f043 0101 	orr.w	r1, r3, #1
2000124c:	50d3      	str	r3, [r2, r3]
2000124e:	6051      	str	r1, [r2, #4]
20001250:	2e00      	cmp	r6, #0
20001252:	d147      	bne.n	200012e4 <_free_r+0xf4>
20001254:	f5b3 7f00 	cmp.w	r3, #512	; 0x200
20001258:	d35b      	bcc.n	20001312 <_free_r+0x122>
2000125a:	0a59      	lsrs	r1, r3, #9
2000125c:	2904      	cmp	r1, #4
2000125e:	bf9e      	ittt	ls
20001260:	ea4f 1c93 	movls.w	ip, r3, lsr #6
20001264:	f10c 0c38 	addls.w	ip, ip, #56	; 0x38
20001268:	ea4f 04cc 	movls.w	r4, ip, lsl #3
2000126c:	d928      	bls.n	200012c0 <_free_r+0xd0>
2000126e:	2914      	cmp	r1, #20
20001270:	bf9c      	itt	ls
20001272:	f101 0c5b 	addls.w	ip, r1, #91	; 0x5b
20001276:	ea4f 04cc 	movls.w	r4, ip, lsl #3
2000127a:	d921      	bls.n	200012c0 <_free_r+0xd0>
2000127c:	2954      	cmp	r1, #84	; 0x54
2000127e:	bf9e      	ittt	ls
20001280:	ea4f 3c13 	movls.w	ip, r3, lsr #12
20001284:	f10c 0c6e 	addls.w	ip, ip, #110	; 0x6e
20001288:	ea4f 04cc 	movls.w	r4, ip, lsl #3
2000128c:	d918      	bls.n	200012c0 <_free_r+0xd0>
2000128e:	f5b1 7faa 	cmp.w	r1, #340	; 0x154
20001292:	bf9e      	ittt	ls
20001294:	ea4f 3cd3 	movls.w	ip, r3, lsr #15
20001298:	f10c 0c77 	addls.w	ip, ip, #119	; 0x77
2000129c:	ea4f 04cc 	movls.w	r4, ip, lsl #3
200012a0:	d90e      	bls.n	200012c0 <_free_r+0xd0>
200012a2:	f240 5c54 	movw	ip, #1364	; 0x554
200012a6:	4561      	cmp	r1, ip
200012a8:	bf95      	itete	ls
200012aa:	ea4f 4c93 	movls.w	ip, r3, lsr #18
200012ae:	f44f 747c 	movhi.w	r4, #1008	; 0x3f0
200012b2:	f10c 0c7c 	addls.w	ip, ip, #124	; 0x7c
200012b6:	f04f 0c7e 	movhi.w	ip, #126	; 0x7e
200012ba:	bf98      	it	ls
200012bc:	ea4f 04cc 	movls.w	r4, ip, lsl #3
200012c0:	1904      	adds	r4, r0, r4
200012c2:	68a1      	ldr	r1, [r4, #8]
200012c4:	42a1      	cmp	r1, r4
200012c6:	d103      	bne.n	200012d0 <_free_r+0xe0>
200012c8:	e064      	b.n	20001394 <_free_r+0x1a4>
200012ca:	6889      	ldr	r1, [r1, #8]
200012cc:	428c      	cmp	r4, r1
200012ce:	d004      	beq.n	200012da <_free_r+0xea>
200012d0:	6848      	ldr	r0, [r1, #4]
200012d2:	f020 0003 	bic.w	r0, r0, #3
200012d6:	4283      	cmp	r3, r0
200012d8:	d3f7      	bcc.n	200012ca <_free_r+0xda>
200012da:	68cb      	ldr	r3, [r1, #12]
200012dc:	60d3      	str	r3, [r2, #12]
200012de:	6091      	str	r1, [r2, #8]
200012e0:	60ca      	str	r2, [r1, #12]
200012e2:	609a      	str	r2, [r3, #8]
200012e4:	4628      	mov	r0, r5
200012e6:	e8bd 41f0 	ldmia.w	sp!, {r4, r5, r6, r7, r8, lr}
200012ea:	f7ff bf17 	b.w	2000111c <__malloc_unlock>
200012ee:	f854 4c08 	ldr.w	r4, [r4, #-8]
200012f2:	f100 0c08 	add.w	ip, r0, #8
200012f6:	1b12      	subs	r2, r2, r4
200012f8:	191b      	adds	r3, r3, r4
200012fa:	6894      	ldr	r4, [r2, #8]
200012fc:	4564      	cmp	r4, ip
200012fe:	d047      	beq.n	20001390 <_free_r+0x1a0>
20001300:	f8d2 c00c 	ldr.w	ip, [r2, #12]
20001304:	f8cc 4008 	str.w	r4, [ip, #8]
20001308:	f8c4 c00c 	str.w	ip, [r4, #12]
2000130c:	e790      	b.n	20001230 <_free_r+0x40>
2000130e:	e8bd 81f0 	ldmia.w	sp!, {r4, r5, r6, r7, r8, pc}
20001312:	08db      	lsrs	r3, r3, #3
20001314:	f04f 0c01 	mov.w	ip, #1
20001318:	6846      	ldr	r6, [r0, #4]
2000131a:	eb00 01c3 	add.w	r1, r0, r3, lsl #3
2000131e:	109b      	asrs	r3, r3, #2
20001320:	fa0c f303 	lsl.w	r3, ip, r3
20001324:	60d1      	str	r1, [r2, #12]
20001326:	688c      	ldr	r4, [r1, #8]
20001328:	ea46 0303 	orr.w	r3, r6, r3
2000132c:	6043      	str	r3, [r0, #4]
2000132e:	6094      	str	r4, [r2, #8]
20001330:	60e2      	str	r2, [r4, #12]
20001332:	608a      	str	r2, [r1, #8]
20001334:	e7d6      	b.n	200012e4 <_free_r+0xf4>
20001336:	688c      	ldr	r4, [r1, #8]
20001338:	4f1c      	ldr	r7, [pc, #112]	; (200013ac <_free_r+0x1bc>)
2000133a:	42bc      	cmp	r4, r7
2000133c:	d181      	bne.n	20001242 <_free_r+0x52>
2000133e:	50d3      	str	r3, [r2, r3]
20001340:	f043 0301 	orr.w	r3, r3, #1
20001344:	60e2      	str	r2, [r4, #12]
20001346:	60a2      	str	r2, [r4, #8]
20001348:	6053      	str	r3, [r2, #4]
2000134a:	6094      	str	r4, [r2, #8]
2000134c:	60d4      	str	r4, [r2, #12]
2000134e:	e7c9      	b.n	200012e4 <_free_r+0xf4>
20001350:	18fb      	adds	r3, r7, r3
20001352:	f016 0f01 	tst.w	r6, #1
20001356:	d107      	bne.n	20001368 <_free_r+0x178>
20001358:	f854 1c08 	ldr.w	r1, [r4, #-8]
2000135c:	1a52      	subs	r2, r2, r1
2000135e:	185b      	adds	r3, r3, r1
20001360:	68d4      	ldr	r4, [r2, #12]
20001362:	6891      	ldr	r1, [r2, #8]
20001364:	60a1      	str	r1, [r4, #8]
20001366:	60cc      	str	r4, [r1, #12]
20001368:	f641 01fc 	movw	r1, #6396	; 0x18fc
2000136c:	6082      	str	r2, [r0, #8]
2000136e:	f2c2 0100 	movt	r1, #8192	; 0x2000
20001372:	f043 0001 	orr.w	r0, r3, #1
20001376:	6050      	str	r0, [r2, #4]
20001378:	680a      	ldr	r2, [r1, #0]
2000137a:	4293      	cmp	r3, r2
2000137c:	d3b2      	bcc.n	200012e4 <_free_r+0xf4>
2000137e:	f641 130c 	movw	r3, #6412	; 0x190c
20001382:	4628      	mov	r0, r5
20001384:	f2c2 0300 	movt	r3, #8192	; 0x2000
20001388:	6819      	ldr	r1, [r3, #0]
2000138a:	f7ff fedd 	bl	20001148 <_malloc_trim_r>
2000138e:	e7a9      	b.n	200012e4 <_free_r+0xf4>
20001390:	2601      	movs	r6, #1
20001392:	e74d      	b.n	20001230 <_free_r+0x40>
20001394:	2601      	movs	r6, #1
20001396:	6844      	ldr	r4, [r0, #4]
20001398:	ea4f 0cac 	mov.w	ip, ip, asr #2
2000139c:	460b      	mov	r3, r1
2000139e:	fa06 fc0c 	lsl.w	ip, r6, ip
200013a2:	ea44 040c 	orr.w	r4, r4, ip
200013a6:	6044      	str	r4, [r0, #4]
200013a8:	e798      	b.n	200012dc <_free_r+0xec>
200013aa:	bf00      	nop
200013ac:	200014f8 	.word	0x200014f8
200013b0:	70616548 	.word	0x70616548
200013b4:	646e6120 	.word	0x646e6120
200013b8:	61747320 	.word	0x61747320
200013bc:	63206b63 	.word	0x63206b63
200013c0:	696c6c6f 	.word	0x696c6c6f
200013c4:	6e6f6973 	.word	0x6e6f6973
200013c8:	0000000a 	.word	0x0000000a
200013cc:	00000043 	.word	0x00000043

200013d0 <_init>:
200013d0:	b5f8      	push	{r3, r4, r5, r6, r7, lr}
200013d2:	bf00      	nop
200013d4:	bcf8      	pop	{r3, r4, r5, r6, r7}
200013d6:	bc08      	pop	{r3}
200013d8:	469e      	mov	lr, r3
200013da:	4770      	bx	lr

200013dc <_fini>:
200013dc:	b5f8      	push	{r3, r4, r5, r6, r7, lr}
200013de:	bf00      	nop
200013e0:	bcf8      	pop	{r3, r4, r5, r6, r7}
200013e2:	bc08      	pop	{r3}
200013e4:	469e      	mov	lr, r3
200013e6:	4770      	bx	lr

200013e8 <__frame_dummy_init_array_entry>:
200013e8:	0485 2000                                   ... 

200013ec <__do_global_dtors_aux_fini_array_entry>:
200013ec:	0471 2000                                   q.. 
