Microsemi Libero Software
Version: 11.9.0.4
Release: v11.9

Info: The design
      C:/Users/bansarth/Documents/EECS373_Project/WhiteBoard_Plotter/designer/impl1/WhiteboarPl\
      otter.adb was last modified by software version 11.9.0.4.
Opened an existing Libero design
C:/Users/bansarth/Documents/EECS373_Project/WhiteBoard_Plotter/designer/impl1/WhiteboarPlotter.\
adb.

The Export-map command succeeded ( 00:00:05 )
CHECKSUM: 3016
Wrote to the file:
C:\Users\bansarth\Documents\EECS373_Project\WhiteBoard_Plotter\designer\impl1\WhiteboarPlotter.\
fdb

The Export command succeeded ( 00:00:06 )
Design saved to file
C:/Users/bansarth/Documents/EECS373_Project/WhiteBoard_Plotter/designer/impl1/WhiteboarPlotter.\
adb.

The Execute Script command succeeded ( 00:00:07 )
Design closed.

