
Starting:    C:\Microsemi\Libero_SoC_v11.9\SynplifyPro\bin64\mbin\synbatch.exe
Install:     C:\Microsemi\Libero_SoC_v11.9\SynplifyPro
Hostname:    RG-PC
Date:        Sun Dec 01 15:04:49 2019
Version:     L-2016.09M-SP1-5

Arguments:   -product synplify_pro -licensetype synplifypro_actel -batch -log synplify.log mss_syn.tcl
ProductType: synplify_pro

License checkout: synplifypro_actel
License: synplifypro_actel node-locked 
Licensed Vendor: actel
License Option: actel_oem

Running in Vendor Mode


Implementation not found: synthesis

log file: "E:\Github\EECS373_Project\TouchScreenController\synthesis\mss.srr"

Running: synthesis in foreground



Running mss_syn|synthesis


Running: compile (Compile) on mss_syn|synthesis
# Sun Dec 01 15:04:49 2019


Running: compile_flow (Compile Process) on mss_syn|synthesis
# Sun Dec 01 15:04:49 2019


Running: compiler (Compile Input) on mss_syn|synthesis
# Sun Dec 01 15:04:49 2019

Copied E:\Github\EECS373_Project\TouchScreenController\synthesis\synwork\mss_comp.srs to E:\Github\EECS373_Project\TouchScreenController\synthesis\mss.srs


compiler completed
# Sun Dec 01 15:04:51 2019

Return Code: 0
Run Time:00h:00m:02s


Running: multi_srs_gen (Multi-srs Generator) on mss_syn|synthesis
# Sun Dec 01 15:04:51 2019


multi_srs_gen completed
# Sun Dec 01 15:04:51 2019

Return Code: 0
Run Time:00h:00m:00s

Copied E:\Github\EECS373_Project\TouchScreenController\synthesis\synwork\mss_mult.srs to E:\Github\EECS373_Project\TouchScreenController\synthesis\mss.srs

Complete: Compile Process on mss_syn|synthesis


Running: premap (Pre-mapping) on mss_syn|synthesis
# Sun Dec 01 15:04:51 2019


premap completed
# Sun Dec 01 15:04:51 2019

Return Code: 0
Run Time:00h:00m:00s

Complete: Compile on mss_syn|synthesis


Running: map (Map) on mss_syn|synthesis
# Sun Dec 01 15:04:51 2019

License granted for 4 parallel jobs


Running: fpga_mapper (Map & Optimize) on mss_syn|synthesis
# Sun Dec 01 15:04:51 2019

Copied E:\Github\EECS373_Project\TouchScreenController\synthesis\synwork\mss_m.srm to E:\Github\EECS373_Project\TouchScreenController\synthesis\mss.srm


fpga_mapper completed with warnings
# Sun Dec 01 15:04:52 2019

Return Code: 1
Run Time:00h:00m:01s

Complete: Map on mss_syn|synthesis

Complete: Logic Synthesis on mss_syn|synthesis

Copied E:\Github\EECS373_Project\TouchScreenController\synthesis\mss.srr to E:\Github\EECS373_Project\TouchScreenController\synthesis\backup\mss.srr

TCL script complete: "mss_syn.tcl"

exit status=0

exit status=0

License checkin: synplifypro_actel

