Added Component: Designator=P?(PCB terminal block - SPT 16/ 1-H-10,0 - 1735778)
Add component. Clean all parameters for all variants
Added Component: Designator=P?(PCB terminal block - SPT 16/ 1-H-10,0 - 1735778)
Add component. Clean all parameters for all variants
Added Component: Designator=P?(PCB terminal block - SPT 16/ 1-H-10,0 - 1735778)
Add component. Clean all parameters for all variants
Added Component: Designator=P?(PCB terminal block - SPT 16/ 1-H-10,0 - 1735778)
Add component. Clean all parameters for all variants
Added Component: Designator=P?(PCB terminal block - SPT 16/ 1-H-10,0 - 1735778)
Add component. Clean all parameters for all variants
Added Component: Designator=P?(PCB terminal block - SPT 16/ 1-H-10,0 - 1735778)
Add component. Clean all parameters for all variants
Added Pin To Net: NetName=VCC Pin=?-1
Added Pin To Net: NetName=VCC Pin=?-2
Added Pin To Net: NetName=VCC Pin=?-3
Added Pin To Net: NetName=VCC Pin=?-4
Added Pin To Net: NetName=3v3 Pin=P?-0
Added Pin To Net: NetName=3v3 Pin=P?-0
Added Pin To Net: NetName=3v3 Pin=P?-0
Added Pin To Net: NetName=3v3 Pin=P?-0
Added Pin To Net: NetName=3v3 Pin=P?-0
Added Pin To Net: NetName=3v3 Pin=P?-0
Added Pin To Net: NetName=+12 Pin=P?-0
Added Pin To Net: NetName=+12 Pin=P?-0
Added Pin To Net: NetName=+12 Pin=P?-0
Added Pin To Net: NetName=+12 Pin=P?-0
Added Pin To Net: NetName=+12 Pin=P?-0
Added Pin To Net: NetName=+12 Pin=P?-0
Added Pin To Net: NetName=GND Pin=P?-0
Added Pin To Net: NetName=GND Pin=P?-0
Added Pin To Net: NetName=GND Pin=P?-0
Added Pin To Net: NetName=GND Pin=P?-0
Added Pin To Net: NetName=GND Pin=P?-0
Added Pin To Net: NetName=GND Pin=P?-0
Added Pin To Net: NetName=GND Pin=P?-0
Added Pin To Net: NetName=GND Pin=P?-0
Added Pin To Net: NetName=GND Pin=P?-0
Added Pin To Net: NetName=GND Pin=P?-0
Added Pin To Net: NetName=GND Pin=P?-0
Added Pin To Net: NetName=GND Pin=P?-0
Added Pin To Net: NetName=VCC Pin=P?-0
Added Pin To Net: NetName=VCC Pin=P?-0
Added Pin To Net: NetName=VCC Pin=P?-0
Added Pin To Net: NetName=VCC Pin=P?-0
Added Pin To Net: NetName=VCC Pin=P?-0
Added Pin To Net: NetName=VCC Pin=P?-0
Added Pin To Net: NetName=VCC Pin=P?-0
Added Pin To Net: NetName=VCC Pin=P?-0
Added Pin To Net: NetName=VCC Pin=P?-0
Added Pin To Net: NetName=VCC Pin=P?-0
Added Pin To Net: NetName=VCC Pin=P?-0
Added Pin To Net: NetName=VCC Pin=P?-0
Change Net Name : Old Net Name=VCC New Net Name=+5
Added Member To Class: ClassName=Sheet2 Member=Component P? Pin 100mil
Added Member To Class: ClassName=Sheet2 Member=Component P? Pin 100mil
Added Member To Class: ClassName=Sheet2 Member=Component P? Pin 100mil
Added Member To Class: ClassName=Sheet2 Member=Component P? Pin 100mil
Added Member To Class: ClassName=Sheet2 Member=Component P? Pin 100mil
Added Member To Class: ClassName=Sheet2 Member=Component P? Pin 100mil
Added Room: Name=Sheet2
