
Starting:    C:\Microsemi\Libero_SoC_v11.9\SynplifyPro\bin64\mbin\synbatch.exe
Install:     C:\Microsemi\Libero_SoC_v11.9\SynplifyPro
Hostname:    EECS373-01
Date:        Fri Dec 06 18:32:51 2019
Version:     L-2016.09M-SP1-5

Arguments:   -product synplify_pro -licensetype synplifypro_actel -batch -log synplify.log touch_syn.tcl
ProductType: synplify_pro

License checkout: synplifypro_actel
License: synplifypro_actel node-locked 
Licensed Vendor: actel
License Option: actel_oem

Running in Vendor Mode


auto_infer_blackbox is not supported in current product.

log file: "N:\EECS373_Project\TouchScreenFinal\synthesis\touch.srr"

Running: synthesis in foreground



Running touch_syn|synthesis


Running: compile (Compile) on touch_syn|synthesis
# Fri Dec 06 18:32:51 2019


Running: compile_flow (Compile Process) on touch_syn|synthesis
# Fri Dec 06 18:32:51 2019


Running: compiler (Compile Input) on touch_syn|synthesis
# Fri Dec 06 18:32:51 2019

Copied N:\EECS373_Project\TouchScreenFinal\synthesis\synwork\touch_comp.srs to N:\EECS373_Project\TouchScreenFinal\synthesis\touch.srs


compiler completed
# Fri Dec 06 18:32:54 2019

Return Code: 0
Run Time:00h:00m:03s


Running: multi_srs_gen (Multi-srs Generator) on touch_syn|synthesis
# Fri Dec 06 18:32:54 2019


multi_srs_gen completed
# Fri Dec 06 18:32:54 2019

Return Code: 0
Run Time:00h:00m:00s

Copied N:\EECS373_Project\TouchScreenFinal\synthesis\synwork\touch_mult.srs to N:\EECS373_Project\TouchScreenFinal\synthesis\touch.srs

Complete: Compile Process on touch_syn|synthesis


Running: premap (Pre-mapping) on touch_syn|synthesis
# Fri Dec 06 18:32:54 2019


premap completed
# Fri Dec 06 18:32:57 2019

Return Code: 0
Run Time:00h:00m:03s

Complete: Compile on touch_syn|synthesis


Running: map (Map) on touch_syn|synthesis
# Fri Dec 06 18:32:57 2019

License granted for 4 parallel jobs


Running: fpga_mapper (Map & Optimize) on touch_syn|synthesis
# Fri Dec 06 18:32:57 2019

Copied N:\EECS373_Project\TouchScreenFinal\synthesis\synwork\touch_m.srm to N:\EECS373_Project\TouchScreenFinal\synthesis\touch.srm


fpga_mapper completed with warnings
# Fri Dec 06 18:33:00 2019

Return Code: 1
Run Time:00h:00m:03s

Complete: Map on touch_syn|synthesis

Complete: Logic Synthesis on touch_syn|synthesis

TCL script complete: "touch_syn.tcl"

exit status=0

exit status=0

License checkin: synplifypro_actel

