FlashPro
Version: 11.9.0.4
Release: v11.9

Software Version: 11.9.0.4
PDB file
'N:\EECS373_Project\WhiteBoard_Plotter\designer\impl1\WhiteboarPlotter_fp\WhiteboarPlotter.pdb'
has been loaded successfully.
DESIGN : WhiteboarPlotter;  CHECKSUM : 8667;  PDB_VERSION : 1.9
Driver : 3.0.0 build 1
programmer '78416' : FlashPro3
Opened
'N:\EECS373_Project\WhiteBoard_Plotter\designer\impl1\WhiteboarPlotter_fp\WhiteboarPlotter.pro'
The 'open_project' command succeeded.
The 'set_programming_file' command succeeded.
The 'set_device_type' command succeeded.
The 'set_device_package' command succeeded.
Info: Adding Flash Memory data from file
      N:\EECS373_Project\WhiteBoard_Plotter\component\work\WhiteBoard_Plotter\MSS_ENVM_0\MSS_EN\
      VM_0.efc.
Info: Adding FPGA Array data from file
      N:\EECS373_Project\WhiteBoard_Plotter\designer\impl1\WhiteboarPlotter.fdb.
PDB file
'N:\EECS373_Project\WhiteBoard_Plotter\designer\impl1\WhiteboarPlotter_fp\WhiteboarPlotter.pdb'
has been loaded successfully.
DESIGN : WhiteboarPlotter;  CHECKSUM : 8667;  PDB_VERSION : 1.9
The 'update_programming_file' command succeeded.
The 'set_programming_action' command succeeded.
programmer '78416' : Scan Chain...
Warning: programmer '78416' : Vpump has been selected on programmer AND an externally provided
         Vpump has also been detected. Using externally provided Vpump voltage source.
programmer '78416' : Scan Chain PASSED.
programmer '78416' : Executing action PROGRAM
programmer '78416' : EXPORT FSN[48] = 014b3e644458
programmer '78416' : Erase ...
programmer '78416' : Completed erase
programmer '78416' : EXPORT CHECKSUM[16] = 8667
programmer '78416' : Programming FPGA Array
programmer '78416' : Verifying FPGA Array
programmer '78416' :         Verifying FPGA Array -- pass
programmer '78416' : Program System Init and Boot Clients...
programmer '78416' : Verify System Init and Boot Clients...
programmer '78416' : Finished: Tue Dec 10 11:28:53 2019 (Elapsed time 00:00:34)
programmer '78416' : Executing action PROGRAM PASSED.

                        o - o - o - o - o - o

The 'run_selected_actions' command succeeded.
Project saved.
The 'save_project' command succeeded.
Project closed.
