Microsemi Libero Software
Version: 11.9.0.4
Release: v11.9

Info: The design lab7.adb was last modified by software version 11.9.0.4.
Opened an existing Libero design lab7.adb.
'BA_NAME' set to 'lab7_ba'
'IDE_DESIGNERVIEW_NAME' set to 'Impl1'
'IDE_DESIGNERVIEW_COUNT' set to '1'
'IDE_DESIGNERVIEW_REV0' set to 'Impl1'
'IDE_DESIGNERVIEW_REVNUM0' set to '1'
'IDE_DESIGNERVIEW_ROOTDIR' set to 'E:\Github\EECS373_Project\lab7\designer'
'IDE_DESIGNERVIEW_LASTREV' set to '1'
Wrote timing report to file: lab7_maxdelay_timing_report.txt

The Report command succeeded ( 00:00:02 )
Wrote timing report to file: lab7_mindelay_timing_report.txt

The Report command succeeded ( 00:00:00 )
Wrote timing_violations report to file: lab7_maxdelay_timingviolations_report.txt

The Report command succeeded ( 00:00:00 )
Wrote timing_violations report to file: lab7_mindelay_timingviolations_report.txt

The Report command succeeded ( 00:00:00 )
Design saved to file E:\Github\EECS373_Project\lab7\designer\impl1\lab7.adb.

The Execute Script command succeeded ( 00:00:03 )
Design closed.

